Processing corpus: brown
brown Corpus Analysis:
   EMD (Train-Prediction): 1.147535
   EMD (Train-Test): 0.034391
   Frequency Similarity (Train-Prediction): 0.772961
   Frequency Similarity (Train-Test): 0.787896

Processing corpus: CLMET3
CLMET3 Corpus Analysis:
   EMD (Train-Prediction): 1.758454
   EMD (Train-Test): 0.035798
   Frequency Similarity (Train-Prediction): 0.811928
   Frequency Similarity (Train-Test): 0.834876

Processing corpus: cmudict
cmudict Corpus Analysis:
   EMD (Train-Prediction): 1.785927
   EMD (Train-Test): 0.035911
   Frequency Similarity (Train-Prediction): 0.786307
   Frequency Similarity (Train-Test): 0.815693

Processing corpus: gutenberg
gutenberg Corpus Analysis:
   EMD (Train-Prediction): 1.179023
   EMD (Train-Test): 0.033317
   Frequency Similarity (Train-Prediction): 0.773361
   Frequency Similarity (Train-Test): 0.793415

Processing corpus: inaugural
inaugural Corpus Analysis:
   EMD (Train-Prediction): 0.750773
   EMD (Train-Test): 0.065978
   Frequency Similarity (Train-Prediction): 0.726798
   Frequency Similarity (Train-Test): 0.732482

Processing corpus: mega_corpus
mega_corpus Corpus Analysis:
   EMD (Train-Prediction): 2.116850
   EMD (Train-Test): 0.031140
   Frequency Similarity (Train-Prediction): 0.812712
   Frequency Similarity (Train-Test): 0.844249

Control Analysis for mega_corpus:
   EMD (Mega Corpus Test vs. Inaugural Train): 6.956166557261536
   Frequency Similarity (Mega Corpus Test vs. Inaugural Train): 0.5586200392871166

Processing corpus: reuters
reuters Corpus Analysis:
   EMD (Train-Prediction): 1.129431
   EMD (Train-Test): 0.032955
   Frequency Similarity (Train-Prediction): 0.721408
   Frequency Similarity (Train-Test): 0.744618

Processing corpus: brown

--------------------------------------------------
brown Corpus Analysis
--------------------------------------------------

Similarity Metrics:
   EMD:
      Train-Prediction: 1.1475
      Train-Test: 0.0344
      Train-Incorrect Prediction: 2.9010
   Frequency Similarity:
      Train-Prediction: 0.7730
      Train-Test: 0.7879
      Train-Incorrect Prediction: 0.6047
   Jaccard Similarity:
      Train-Prediction: 0.1937
      Train-Test: 0.1832
      Train-Incorrect Prediction: 0.0927
   Cosine Similarity:
      Train-Prediction: 0.9931
      Train-Test: 0.9971
      Train-Incorrect Prediction: 0.9603

Statistical Metrics:
   KL Divergence:
      Train-Prediction: 3.0541
      Train-Test: 2.7293
      Train-Incorrect Prediction: 6.0726

Overlap Metrics:
   Overlap Coefficient:
      Train-Prediction: 0.8593
      Train-Test: 0.7890
      Train-Incorrect Prediction: 0.7838
   Dice Coefficient:
      Train-Prediction: 0.7167
      Train-Test: 0.7879
      Train-Incorrect Prediction: 0.3448
   Intersection Count:
      Train-Prediction: 47718.0000
      Train-Test: 52823.0000
      Train-Incorrect Prediction: 22796.0000
--------------------------------------------------
Processing corpus: CLMET3

--------------------------------------------------
CLMET3 Corpus Analysis
--------------------------------------------------

Similarity Metrics:
   EMD:
      Train-Prediction: 1.7585
      Train-Test: 0.0358
      Train-Incorrect Prediction: 3.6402
   Frequency Similarity:
      Train-Prediction: 0.8119
      Train-Test: 0.8349
      Train-Incorrect Prediction: 0.6870
   Jaccard Similarity:
      Train-Prediction: 0.1935
      Train-Test: 0.1854
      Train-Incorrect Prediction: 0.1109
   Cosine Similarity:
      Train-Prediction: 0.9952
      Train-Test: 0.9991
      Train-Incorrect Prediction: 0.9811

Statistical Metrics:
   KL Divergence:
      Train-Prediction: 2.3185
      Train-Test: 1.9912
      Train-Incorrect Prediction: 4.2129

Overlap Metrics:
   Overlap Coefficient:
      Train-Prediction: 0.8994
      Train-Test: 0.8372
      Train-Incorrect Prediction: 0.8425
   Dice Coefficient:
      Train-Prediction: 0.7303
      Train-Test: 0.8349
      Train-Incorrect Prediction: 0.4103
   Intersection Count:
      Train-Prediction: 127260.0000
      Train-Test: 145029.0000
      Train-Incorrect Prediction: 75489.0000
--------------------------------------------------
Processing corpus: cmudict

--------------------------------------------------
cmudict Corpus Analysis
--------------------------------------------------

Similarity Metrics:
   EMD:
      Train-Prediction: 1.7859
      Train-Test: 0.0359
      Train-Incorrect Prediction: 2.9296
   Frequency Similarity:
      Train-Prediction: 0.7863
      Train-Test: 0.8157
      Train-Incorrect Prediction: 0.6789
   Jaccard Similarity:
      Train-Prediction: 0.1845
      Train-Test: 0.1789
      Train-Incorrect Prediction: 0.1069
   Cosine Similarity:
      Train-Prediction: 0.9935
      Train-Test: 0.9987
      Train-Incorrect Prediction: 0.9804

Statistical Metrics:
   KL Divergence:
      Train-Prediction: 2.7883
      Train-Test: 2.3649
      Train-Incorrect Prediction: 4.6307

Overlap Metrics:
   Overlap Coefficient:
      Train-Prediction: 0.8868
      Train-Test: 0.8163
      Train-Incorrect Prediction: 0.8305
   Dice Coefficient:
      Train-Prediction: 0.6861
      Train-Test: 0.8157
      Train-Incorrect Prediction: 0.4465
   Intersection Count:
      Train-Prediction: 97508.0000
      Train-Test: 113398.0000
      Train-Incorrect Prediction: 59050.0000
--------------------------------------------------
Processing corpus: gutenberg

--------------------------------------------------
gutenberg Corpus Analysis
--------------------------------------------------

Similarity Metrics:
   EMD:
      Train-Prediction: 1.1790
      Train-Test: 0.0333
      Train-Incorrect Prediction: 3.0032
   Frequency Similarity:
      Train-Prediction: 0.7734
      Train-Test: 0.7934
      Train-Incorrect Prediction: 0.6182
   Jaccard Similarity:
      Train-Prediction: 0.2031
      Train-Test: 0.1941
      Train-Incorrect Prediction: 0.0979
   Cosine Similarity:
      Train-Prediction: 0.9922
      Train-Test: 0.9973
      Train-Incorrect Prediction: 0.9659

Statistical Metrics:
   KL Divergence:
      Train-Prediction: 2.9390
      Train-Test: 2.5924
      Train-Incorrect Prediction: 6.0062

Overlap Metrics:
   Overlap Coefficient:
      Train-Prediction: 0.8610
      Train-Test: 0.7936
      Train-Incorrect Prediction: 0.7986
   Dice Coefficient:
      Train-Prediction: 0.7187
      Train-Test: 0.7934
      Train-Incorrect Prediction: 0.3535
   Intersection Count:
      Train-Prediction: 46593.0000
      Train-Test: 51500.0000
      Train-Incorrect Prediction: 22240.0000
--------------------------------------------------
Processing corpus: inaugural

--------------------------------------------------
inaugural Corpus Analysis
--------------------------------------------------

Similarity Metrics:
   EMD:
      Train-Prediction: 0.7508
      Train-Test: 0.0660
      Train-Incorrect Prediction: 2.5428
   Frequency Similarity:
      Train-Prediction: 0.7268
      Train-Test: 0.7325
      Train-Incorrect Prediction: 0.5146
   Jaccard Similarity:
      Train-Prediction: 0.2030
      Train-Test: 0.1918
      Train-Incorrect Prediction: 0.0785
   Cosine Similarity:
      Train-Prediction: 0.9858
      Train-Test: 0.9896
      Train-Incorrect Prediction: 0.9281

Statistical Metrics:
   KL Divergence:
      Train-Prediction: 3.8063
      Train-Test: 3.5331
      Train-Incorrect Prediction: 8.4593

Overlap Metrics:
   Overlap Coefficient:
      Train-Prediction: 0.8077
      Train-Test: 0.7406
      Train-Incorrect Prediction: 0.7200
   Dice Coefficient:
      Train-Prediction: 0.6955
      Train-Test: 0.7330
      Train-Incorrect Prediction: 0.2631
   Intersection Count:
      Train-Prediction: 14844.0000
      Train-Test: 15812.0000
      Train-Incorrect Prediction: 5397.0000
--------------------------------------------------
Processing corpus: mega_corpus

--------------------------------------------------
mega_corpus Corpus Analysis
--------------------------------------------------

Similarity Metrics:
   EMD:
      Train-Prediction: 2.1168
      Train-Test: 0.0311
      Train-Incorrect Prediction: 3.6108
   Frequency Similarity:
      Train-Prediction: 0.8127
      Train-Test: 0.8442
      Train-Incorrect Prediction: 0.7103
   Jaccard Similarity:
      Train-Prediction: 0.1863
      Train-Test: 0.1809
      Train-Incorrect Prediction: 0.1153
   Cosine Similarity:
      Train-Prediction: 0.9946
      Train-Test: 0.9994
      Train-Incorrect Prediction: 0.9850

Statistical Metrics:
   KL Divergence:
      Train-Prediction: 2.2784
      Train-Test: 1.9069
      Train-Incorrect Prediction: 3.7607

Overlap Metrics:
   Overlap Coefficient:
      Train-Prediction: 0.9092
      Train-Test: 0.8454
      Train-Incorrect Prediction: 0.8558
   Dice Coefficient:
      Train-Prediction: 0.7124
      Train-Test: 0.8443
      Train-Incorrect Prediction: 0.4515
   Intersection Count:
      Train-Prediction: 175183.0000
      Train-Test: 205190.0000
      Train-Incorrect Prediction: 114657.0000

Control Analysis for mega_corpus:
--------------------------------------------------
Control Analysis for mega_corpus:
   EMD (Mega Corpus Test vs. Inaugural Train): 6.956167
   Frequency Similarity (Mega Corpus Test vs. Inaugural Train): 0.558620
Processing corpus: reuters

--------------------------------------------------
reuters Corpus Analysis
--------------------------------------------------

Similarity Metrics:
   EMD:
      Train-Prediction: 1.1294
      Train-Test: 0.0330
      Train-Incorrect Prediction: 2.0717
   Frequency Similarity:
      Train-Prediction: 0.7214
      Train-Test: 0.7446
      Train-Incorrect Prediction: 0.5738
   Jaccard Similarity:
      Train-Prediction: 0.1604
      Train-Test: 0.1517
      Train-Incorrect Prediction: 0.0841
   Cosine Similarity:
      Train-Prediction: 0.9865
      Train-Test: 0.9952
      Train-Incorrect Prediction: 0.9549

Statistical Metrics:
   KL Divergence:
      Train-Prediction: 4.1443
      Train-Test: 3.6640
      Train-Incorrect Prediction: 6.7895

Overlap Metrics:
   Overlap Coefficient:
      Train-Prediction: 0.8308
      Train-Test: 0.7450
      Train-Incorrect Prediction: 0.7362
   Dice Coefficient:
      Train-Prediction: 0.6577
      Train-Test: 0.7446
      Train-Incorrect Prediction: 0.3768
   Intersection Count:
      Train-Prediction: 29129.0000
      Train-Test: 33492.0000
      Train-Incorrect Prediction: 15845.0000
--------------------------------------------------
Processing corpus: brown

--------------------------------------------------
brown Corpus Analysis
--------------------------------------------------

Similarity Metrics:
   EMD:
      Train-Prediction: 1.1475
      Train-Test: 0.0344
      Train-Incorrect Prediction: 2.9010
   Frequency Similarity:
      Train-Prediction: 0.7730
      Train-Test: 0.7879
      Train-Incorrect Prediction: 0.6047
   Jaccard Similarity:
      Train-Prediction: 0.1937
      Train-Test: 0.1832
      Train-Incorrect Prediction: 0.0927
   Cosine Similarity:
      Train-Prediction: 0.9931
      Train-Test: 0.9971
      Train-Incorrect Prediction: 0.9603

Statistical Metrics:
   KL Divergence:
      Train-Prediction: 3.0541
      Train-Test: 2.7293
      Train-Incorrect Prediction: 6.0726

Overlap Metrics:
   Overlap Coefficient:
      Train-Prediction: 0.8593
      Train-Test: 0.7890
      Train-Incorrect Prediction: 0.7838
   Dice Coefficient:
      Train-Prediction: 0.7167
      Train-Test: 0.7879
      Train-Incorrect Prediction: 0.3448
   Intersection Count:
      Train-Prediction: 0.6577
      Train-Test: 0.5370
      Train-Incorrect Prediction: 0.4808
--------------------------------------------------
Processing corpus: CLMET3

--------------------------------------------------
CLMET3 Corpus Analysis
--------------------------------------------------

Similarity Metrics:
   EMD:
      Train-Prediction: 1.7585
      Train-Test: 0.0358
      Train-Incorrect Prediction: 3.6402
   Frequency Similarity:
      Train-Prediction: 0.8119
      Train-Test: 0.8349
      Train-Incorrect Prediction: 0.6870
   Jaccard Similarity:
      Train-Prediction: 0.1935
      Train-Test: 0.1854
      Train-Incorrect Prediction: 0.1109
   Cosine Similarity:
      Train-Prediction: 0.9952
      Train-Test: 0.9991
      Train-Incorrect Prediction: 0.9811

Statistical Metrics:
   KL Divergence:
      Train-Prediction: 2.3185
      Train-Test: 1.9912
      Train-Incorrect Prediction: 4.2129

Overlap Metrics:
   Overlap Coefficient:
      Train-Prediction: 0.8994
      Train-Test: 0.8372
      Train-Incorrect Prediction: 0.8425
   Dice Coefficient:
      Train-Prediction: 0.7303
      Train-Test: 0.8349
      Train-Incorrect Prediction: 0.4103
   Intersection Count:
      Train-Prediction: 0.6768
      Train-Test: 0.5412
      Train-Incorrect Prediction: 0.5109
--------------------------------------------------
Processing corpus: cmudict

--------------------------------------------------
cmudict Corpus Analysis
--------------------------------------------------

Similarity Metrics:
   EMD:
      Train-Prediction: 1.7859
      Train-Test: 0.0359
      Train-Incorrect Prediction: 2.9296
   Frequency Similarity:
      Train-Prediction: 0.7863
      Train-Test: 0.8157
      Train-Incorrect Prediction: 0.6789
   Jaccard Similarity:
      Train-Prediction: 0.1845
      Train-Test: 0.1789
      Train-Incorrect Prediction: 0.1069
   Cosine Similarity:
      Train-Prediction: 0.9935
      Train-Test: 0.9987
      Train-Incorrect Prediction: 0.9804

Statistical Metrics:
   KL Divergence:
      Train-Prediction: 2.7883
      Train-Test: 2.3649
      Train-Incorrect Prediction: 4.6307

Overlap Metrics:
   Overlap Coefficient:
      Train-Prediction: 0.8868
      Train-Test: 0.8163
      Train-Incorrect Prediction: 0.8305
   Dice Coefficient:
      Train-Prediction: 0.6861
      Train-Test: 0.8157
      Train-Incorrect Prediction: 0.4465
   Intersection Count:
      Train-Prediction: 0.6640
      Train-Test: 0.5276
      Train-Incorrect Prediction: 0.4913
--------------------------------------------------
Processing corpus: gutenberg

--------------------------------------------------
gutenberg Corpus Analysis
--------------------------------------------------

Similarity Metrics:
   EMD:
      Train-Prediction: 1.1790
      Train-Test: 0.0333
      Train-Incorrect Prediction: 3.0032
   Frequency Similarity:
      Train-Prediction: 0.7734
      Train-Test: 0.7934
      Train-Incorrect Prediction: 0.6182
   Jaccard Similarity:
      Train-Prediction: 0.2031
      Train-Test: 0.1941
      Train-Incorrect Prediction: 0.0979
   Cosine Similarity:
      Train-Prediction: 0.9922
      Train-Test: 0.9973
      Train-Incorrect Prediction: 0.9659

Statistical Metrics:
   KL Divergence:
      Train-Prediction: 2.9390
      Train-Test: 2.5924
      Train-Incorrect Prediction: 6.0062

Overlap Metrics:
   Overlap Coefficient:
      Train-Prediction: 0.8610
      Train-Test: 0.7936
      Train-Incorrect Prediction: 0.7986
   Dice Coefficient:
      Train-Prediction: 0.7187
      Train-Test: 0.7934
      Train-Incorrect Prediction: 0.3535
   Intersection Count:
      Train-Prediction: 0.6742
      Train-Test: 0.5599
      Train-Incorrect Prediction: 0.5094
--------------------------------------------------
Processing corpus: inaugural

--------------------------------------------------
inaugural Corpus Analysis
--------------------------------------------------

Similarity Metrics:
   EMD:
      Train-Prediction: 0.7508
      Train-Test: 0.0660
      Train-Incorrect Prediction: 2.5428
   Frequency Similarity:
      Train-Prediction: 0.7268
      Train-Test: 0.7325
      Train-Incorrect Prediction: 0.5146
   Jaccard Similarity:
      Train-Prediction: 0.2030
      Train-Test: 0.1918
      Train-Incorrect Prediction: 0.0785
   Cosine Similarity:
      Train-Prediction: 0.9858
      Train-Test: 0.9896
      Train-Incorrect Prediction: 0.9281

Statistical Metrics:
   KL Divergence:
      Train-Prediction: 3.8063
      Train-Test: 3.5331
      Train-Incorrect Prediction: 8.4593

Overlap Metrics:
   Overlap Coefficient:
      Train-Prediction: 0.8077
      Train-Test: 0.7406
      Train-Incorrect Prediction: 0.7200
   Dice Coefficient:
      Train-Prediction: 0.6955
      Train-Test: 0.7330
      Train-Incorrect Prediction: 0.2631
   Intersection Count:
      Train-Prediction: 0.6539
      Train-Test: 0.5579
      Train-Incorrect Prediction: 0.4875
--------------------------------------------------
Processing corpus: mega_corpus

--------------------------------------------------
mega_corpus Corpus Analysis
--------------------------------------------------

Similarity Metrics:
   EMD:
      Train-Prediction: 2.1168
      Train-Test: 0.0311
      Train-Incorrect Prediction: 3.6108
   Frequency Similarity:
      Train-Prediction: 0.8127
      Train-Test: 0.8442
      Train-Incorrect Prediction: 0.7103
   Jaccard Similarity:
      Train-Prediction: 0.1863
      Train-Test: 0.1809
      Train-Incorrect Prediction: 0.1153
   Cosine Similarity:
      Train-Prediction: 0.9946
      Train-Test: 0.9994
      Train-Incorrect Prediction: 0.9850

Statistical Metrics:
   KL Divergence:
      Train-Prediction: 2.2784
      Train-Test: 1.9069
      Train-Incorrect Prediction: 3.7607

Overlap Metrics:
   Overlap Coefficient:
      Train-Prediction: 0.9092
      Train-Test: 0.8454
      Train-Incorrect Prediction: 0.8558
   Dice Coefficient:
      Train-Prediction: 0.7124
      Train-Test: 0.8443
      Train-Incorrect Prediction: 0.4515
   Intersection Count:
      Train-Prediction: 0.6759
      Train-Test: 0.5316
      Train-Incorrect Prediction: 0.5085

Control Analysis for mega_corpus:
--------------------------------------------------
Control Analysis for mega_corpus:
   EMD (Mega Corpus Test vs. Inaugural Train): 6.956167
   Frequency Similarity (Mega Corpus Test vs. Inaugural Train): 0.558620
Processing corpus: reuters

--------------------------------------------------
reuters Corpus Analysis
--------------------------------------------------

Similarity Metrics:
   EMD:
      Train-Prediction: 1.1294
      Train-Test: 0.0330
      Train-Incorrect Prediction: 2.0717
   Frequency Similarity:
      Train-Prediction: 0.7214
      Train-Test: 0.7446
      Train-Incorrect Prediction: 0.5738
   Jaccard Similarity:
      Train-Prediction: 0.1604
      Train-Test: 0.1517
      Train-Incorrect Prediction: 0.0841
   Cosine Similarity:
      Train-Prediction: 0.9865
      Train-Test: 0.9952
      Train-Incorrect Prediction: 0.9549

Statistical Metrics:
   KL Divergence:
      Train-Prediction: 4.1443
      Train-Test: 3.6640
      Train-Incorrect Prediction: 6.7895

Overlap Metrics:
   Overlap Coefficient:
      Train-Prediction: 0.8308
      Train-Test: 0.7450
      Train-Incorrect Prediction: 0.7362
   Dice Coefficient:
      Train-Prediction: 0.6577
      Train-Test: 0.7446
      Train-Incorrect Prediction: 0.3768
   Intersection Count:
      Train-Prediction: 0.6092
      Train-Test: 0.4667
      Train-Incorrect Prediction: 0.4178
--------------------------------------------------
Processing corpus: brown
Error processing brown: float() argument must be a string or a real number, not 'dict'
Processing corpus: CLMET3
Error processing CLMET3: float() argument must be a string or a real number, not 'dict'
Processing corpus: cmudict
Processing corpus: brown
Error processing brown: unsupported operand type(s) for -: 'dict' and 'dict'
Processing corpus: CLMET3
Error processing CLMET3: unsupported operand type(s) for -: 'dict' and 'int'
Processing corpus: cmudict
Error processing cmudict: unsupported operand type(s) for -: 'dict' and 'int'
Processing corpus: gutenberg
Error processing gutenberg: unsupported operand type(s) for -: 'int' and 'dict'
Processing corpus: inaugural
Error processing inaugural: unsupported operand type(s) for -: 'dict' and 'int'
Processing corpus: mega_corpus
Error processing mega_corpus: unsupported operand type(s) for -: 'dict' and 'int'
Processing corpus: reuters
Error processing reuters: unsupported operand type(s) for -: 'dict' and 'int'
Processing corpus: brown
Error processing brown: 'int' object is not subscriptable
Processing corpus: CLMET3
Error processing CLMET3: 'int' object is not subscriptable
Processing corpus: cmudict
Processing corpus: brown
Error processing brown: 'int' object is not subscriptable
Processing corpus: CLMET3
Error processing CLMET3: 'int' object is not subscriptable
Processing corpus: cmudict
Error processing cmudict: 'int' object is not subscriptable
Processing corpus: gutenberg
Error processing gutenberg: 'int' object is not subscriptable
Processing corpus: inaugural
Error processing inaugural: 'int' object is not subscriptable
Processing corpus: mega_corpus
Error processing mega_corpus: 'int' object is not subscriptable
Processing corpus: reuters
Error processing reuters: 'int' object is not subscriptable
2024-02-04 09:54:40,295 - WARNING: Attempted to calculate EMD on empty distribution.
2024-02-04 09:54:40,295 - WARNING: Attempted to calculate EMD on empty distribution.
2024-02-04 09:54:40,295 - WARNING: Attempted to calculate EMD on empty distribution.
2024-02-04 09:54:40,667 - INFO: 
--------------------------------------------------
brown Corpus Analysis
--------------------------------------------------
2024-02-04 09:54:40,667 - INFO: 
Similarity Metrics:
2024-02-04 09:54:40,667 - INFO:    EMD:
2024-02-04 09:54:40,667 - INFO:       Train-Prediction: N/A
2024-02-04 09:54:40,667 - INFO:       Train-Test: N/A
2024-02-04 09:54:40,668 - INFO:       Train-Incorrect Prediction: N/A
2024-02-04 09:54:40,668 - INFO:    Frequency Similarity:
2024-02-04 09:54:40,668 - INFO:       Train-Prediction: 0.5000
2024-02-04 09:54:40,668 - INFO:       Train-Test: 1.0000
2024-02-04 09:54:40,668 - INFO:       Train-Incorrect Prediction: 0.5000
2024-02-04 09:54:40,669 - INFO:    Jaccard Similarity:
2024-02-04 09:54:40,669 - INFO:       Train-Prediction: 0.0000
2024-02-04 09:54:40,669 - INFO:       Train-Test: nan
2024-02-04 09:54:40,669 - INFO:       Train-Incorrect Prediction: 0.0000
2024-02-04 09:54:40,669 - INFO:    Cosine Similarity:
2024-02-04 09:54:40,669 - INFO:       Train-Prediction: 1
2024-02-04 09:54:40,670 - INFO:       Train-Test: 1
2024-02-04 09:54:40,670 - INFO:       Train-Incorrect Prediction: 1
2024-02-04 09:54:40,670 - INFO: 
Statistical Metrics:
2024-02-04 09:54:40,670 - INFO:    KL Divergence:
2024-02-04 09:54:40,670 - INFO:       Train-Prediction: 0.9763
2024-02-04 09:54:40,671 - INFO:       Train-Test: 0.0000
2024-02-04 09:54:40,671 - INFO:       Train-Incorrect Prediction: 0.7294
2024-02-04 09:54:40,671 - INFO: 
Overlap Metrics:
2024-02-04 09:54:40,671 - INFO:    Overlap Coefficient:
2024-02-04 09:54:40,671 - INFO:       Train-Prediction: 0
2024-02-04 09:54:40,671 - INFO:       Train-Test: 0
2024-02-04 09:54:40,672 - INFO:       Train-Incorrect Prediction: 0
2024-02-04 09:54:40,672 - INFO:    Dice Coefficient:
2024-02-04 09:54:40,672 - INFO:       Train-Prediction: 0.0000
2024-02-04 09:54:40,672 - INFO:       Train-Test: 0
2024-02-04 09:54:40,672 - INFO:       Train-Incorrect Prediction: 0.0000
2024-02-04 09:54:40,672 - INFO:    Intersection Count:
2024-02-04 09:54:40,673 - INFO:       Train-Prediction: 0
2024-02-04 09:54:40,673 - INFO:       Train-Test: 0
2024-02-04 09:54:40,673 - INFO:       Train-Incorrect Prediction: 0
2024-02-04 09:54:40,673 - INFO: --------------------------------------------------
2024-02-04 09:54:40,673 - INFO: Successfully processed brown
2024-02-04 09:54:42,825 - WARNING: Attempted to calculate EMD on empty distribution.
2024-02-04 09:54:42,826 - WARNING: Attempted to calculate EMD on empty distribution.
2024-02-04 09:54:42,826 - WARNING: Attempted to calculate EMD on empty distribution.
2024-02-04 09:54:43,980 - INFO: 
--------------------------------------------------
CLMET3 Corpus Analysis
--------------------------------------------------
2024-02-04 09:54:43,981 - INFO: 
Similarity Metrics:
2024-02-04 09:54:43,981 - INFO:    EMD:
2024-02-04 09:54:43,981 - INFO:       Train-Prediction: N/A
2024-02-04 09:54:43,981 - INFO:       Train-Test: N/A
2024-02-04 09:54:43,981 - INFO:       Train-Incorrect Prediction: N/A
2024-02-04 09:54:43,981 - INFO:    Frequency Similarity:
2024-02-04 09:54:43,981 - INFO:       Train-Prediction: 0.5000
2024-02-04 09:54:43,982 - INFO:       Train-Test: 1.0000
2024-02-04 09:54:43,982 - INFO:       Train-Incorrect Prediction: 0.5000
2024-02-04 09:54:43,982 - INFO:    Jaccard Similarity:
2024-02-04 09:54:43,982 - INFO:       Train-Prediction: 0.0000
2024-02-04 09:54:43,982 - INFO:       Train-Test: nan
2024-02-04 09:54:43,983 - INFO:       Train-Incorrect Prediction: 0.0000
2024-02-04 09:54:43,983 - INFO:    Cosine Similarity:
2024-02-04 09:54:43,983 - INFO:       Train-Prediction: 1
2024-02-04 09:54:43,983 - INFO:       Train-Test: 1
2024-02-04 09:54:43,983 - INFO:       Train-Incorrect Prediction: 1
2024-02-04 09:54:43,983 - INFO: 
Statistical Metrics:
2024-02-04 09:54:43,984 - INFO:    KL Divergence:
2024-02-04 09:54:43,984 - INFO:       Train-Prediction: 1.2120
2024-02-04 09:54:43,984 - INFO:       Train-Test: 0.0000
2024-02-04 09:54:43,984 - INFO:       Train-Incorrect Prediction: 0.9704
2024-02-04 09:54:43,984 - INFO: 
Overlap Metrics:
2024-02-04 09:54:43,984 - INFO:    Overlap Coefficient:
2024-02-04 09:54:43,985 - INFO:       Train-Prediction: 0
2024-02-04 09:54:43,985 - INFO:       Train-Test: 0
2024-02-04 09:54:43,985 - INFO:       Train-Incorrect Prediction: 0
2024-02-04 09:54:43,985 - INFO:    Dice Coefficient:
2024-02-04 09:54:43,985 - INFO:       Train-Prediction: 0.0000
2024-02-04 09:54:43,985 - INFO:       Train-Test: 0
2024-02-04 09:54:43,985 - INFO:       Train-Incorrect Prediction: 0.0000
2024-02-04 09:54:43,986 - INFO:    Intersection Count:
2024-02-04 09:54:43,986 - INFO:       Train-Prediction: 0
2024-02-04 09:54:43,986 - INFO:       Train-Test: 0
2024-02-04 09:54:43,986 - INFO:       Train-Incorrect Prediction: 0
2024-02-04 09:54:43,986 - INFO: --------------------------------------------------
2024-02-04 09:54:43,986 - INFO: Successfully processed CLMET3
2024-02-04 09:54:45,591 - WARNING: Attempted to calculate EMD on empty distribution.
2024-02-04 09:54:45,591 - WARNING: Attempted to calculate EMD on empty distribution.
2024-02-04 09:54:45,591 - WARNING: Attempted to calculate EMD on empty distribution.
2024-02-04 09:54:46,485 - INFO: 
--------------------------------------------------
cmudict Corpus Analysis
--------------------------------------------------
2024-02-04 09:54:46,485 - INFO: 
Similarity Metrics:
2024-02-04 09:54:46,485 - INFO:    EMD:
2024-02-04 09:54:46,485 - INFO:       Train-Prediction: N/A
2024-02-04 09:54:46,485 - INFO:       Train-Test: N/A
2024-02-04 09:54:46,486 - INFO:       Train-Incorrect Prediction: N/A
2024-02-04 09:54:46,486 - INFO:    Frequency Similarity:
2024-02-04 09:54:46,486 - INFO:       Train-Prediction: 0.5000
2024-02-04 09:54:46,486 - INFO:       Train-Test: 1.0000
2024-02-04 09:54:46,486 - INFO:       Train-Incorrect Prediction: 0.5000
2024-02-04 09:54:46,486 - INFO:    Jaccard Similarity:
2024-02-04 09:54:46,487 - INFO:       Train-Prediction: 0.0000
2024-02-04 09:54:46,487 - INFO:       Train-Test: nan
2024-02-04 09:54:46,487 - INFO:       Train-Incorrect Prediction: 0.0000
2024-02-04 09:54:46,487 - INFO:    Cosine Similarity:
2024-02-04 09:54:46,487 - INFO:       Train-Prediction: 1
2024-02-04 09:54:46,487 - INFO:       Train-Test: 1
2024-02-04 09:54:46,487 - INFO:       Train-Incorrect Prediction: 1
2024-02-04 09:54:46,488 - INFO: 
Statistical Metrics:
2024-02-04 09:54:46,488 - INFO:    KL Divergence:
2024-02-04 09:54:46,488 - INFO:       Train-Prediction: 1.1026
2024-02-04 09:54:46,488 - INFO:       Train-Test: 0.0000
2024-02-04 09:54:46,488 - INFO:       Train-Incorrect Prediction: 0.9549
2024-02-04 09:54:46,489 - INFO: 
Overlap Metrics:
2024-02-04 09:54:46,489 - INFO:    Overlap Coefficient:
2024-02-04 09:54:46,489 - INFO:       Train-Prediction: 0
2024-02-04 09:54:46,489 - INFO:       Train-Test: 0
2024-02-04 09:54:46,489 - INFO:       Train-Incorrect Prediction: 0
2024-02-04 09:54:46,489 - INFO:    Dice Coefficient:
2024-02-04 09:54:46,489 - INFO:       Train-Prediction: 0.0000
2024-02-04 09:54:46,490 - INFO:       Train-Test: 0
2024-02-04 09:54:46,490 - INFO:       Train-Incorrect Prediction: 0.0000
2024-02-04 09:54:46,490 - INFO:    Intersection Count:
2024-02-04 09:54:46,490 - INFO:       Train-Prediction: 0
2024-02-04 09:54:46,490 - INFO:       Train-Test: 0
2024-02-04 09:54:46,490 - INFO:       Train-Incorrect Prediction: 0
2024-02-04 09:54:46,491 - INFO: --------------------------------------------------
2024-02-04 09:54:46,491 - INFO: Successfully processed cmudict
2024-02-04 09:54:47,132 - WARNING: Attempted to calculate EMD on empty distribution.
2024-02-04 09:54:47,133 - WARNING: Attempted to calculate EMD on empty distribution.
2024-02-04 09:54:47,133 - WARNING: Attempted to calculate EMD on empty distribution.
2024-02-04 09:54:47,502 - INFO: 
--------------------------------------------------
gutenberg Corpus Analysis
--------------------------------------------------
2024-02-04 09:54:47,502 - INFO: 
Similarity Metrics:
2024-02-04 09:54:47,502 - INFO:    EMD:
2024-02-04 09:54:47,502 - INFO:       Train-Prediction: N/A
2024-02-04 09:54:47,502 - INFO:       Train-Test: N/A
2024-02-04 09:54:47,503 - INFO:       Train-Incorrect Prediction: N/A
2024-02-04 09:54:47,503 - INFO:    Frequency Similarity:
2024-02-04 09:54:47,503 - INFO:       Train-Prediction: 0.5000
2024-02-04 09:54:47,503 - INFO:       Train-Test: 1.0000
2024-02-04 09:54:47,503 - INFO:       Train-Incorrect Prediction: 0.5000
2024-02-04 09:54:47,503 - INFO:    Jaccard Similarity:
2024-02-04 09:54:47,504 - INFO:       Train-Prediction: 0.0000
2024-02-04 09:54:47,504 - INFO:       Train-Test: nan
2024-02-04 09:54:47,504 - INFO:       Train-Incorrect Prediction: 0.0000
2024-02-04 09:54:47,504 - INFO:    Cosine Similarity:
2024-02-04 09:54:47,504 - INFO:       Train-Prediction: 1
2024-02-04 09:54:47,504 - INFO:       Train-Test: 1
2024-02-04 09:54:47,505 - INFO:       Train-Incorrect Prediction: 1
2024-02-04 09:54:47,505 - INFO: 
Statistical Metrics:
2024-02-04 09:54:47,505 - INFO:    KL Divergence:
2024-02-04 09:54:47,505 - INFO:       Train-Prediction: 0.9686
2024-02-04 09:54:47,505 - INFO:       Train-Test: 0.0000
2024-02-04 09:54:47,506 - INFO:       Train-Incorrect Prediction: 0.7442
2024-02-04 09:54:47,506 - INFO: 
Overlap Metrics:
2024-02-04 09:54:47,506 - INFO:    Overlap Coefficient:
2024-02-04 09:54:47,506 - INFO:       Train-Prediction: 0
2024-02-04 09:54:47,506 - INFO:       Train-Test: 0
2024-02-04 09:54:47,506 - INFO:       Train-Incorrect Prediction: 0
2024-02-04 09:54:47,507 - INFO:    Dice Coefficient:
2024-02-04 09:54:47,507 - INFO:       Train-Prediction: 0.0000
2024-02-04 09:54:47,507 - INFO:       Train-Test: 0
2024-02-04 09:54:47,507 - INFO:       Train-Incorrect Prediction: 0.0000
2024-02-04 09:54:47,507 - INFO:    Intersection Count:
2024-02-04 09:54:47,507 - INFO:       Train-Prediction: 0
2024-02-04 09:54:47,508 - INFO:       Train-Test: 0
2024-02-04 09:54:47,508 - INFO:       Train-Incorrect Prediction: 0
2024-02-04 09:54:47,508 - INFO: --------------------------------------------------
2024-02-04 09:54:47,508 - INFO: Successfully processed gutenberg
2024-02-04 09:54:47,670 - WARNING: Attempted to calculate EMD on empty distribution.
2024-02-04 09:54:47,671 - WARNING: Attempted to calculate EMD on empty distribution.
2024-02-04 09:54:47,671 - WARNING: Attempted to calculate EMD on empty distribution.
2024-02-04 09:54:47,784 - INFO: 
--------------------------------------------------
inaugural Corpus Analysis
--------------------------------------------------
2024-02-04 09:54:47,785 - INFO: 
Similarity Metrics:
2024-02-04 09:54:47,785 - INFO:    EMD:
2024-02-04 09:54:47,785 - INFO:       Train-Prediction: N/A
2024-02-04 09:54:47,785 - INFO:       Train-Test: N/A
2024-02-04 09:54:47,785 - INFO:       Train-Incorrect Prediction: N/A
2024-02-04 09:54:47,785 - INFO:    Frequency Similarity:
2024-02-04 09:54:47,785 - INFO:       Train-Prediction: 0.5000
2024-02-04 09:54:47,786 - INFO:       Train-Test: 1.0000
2024-02-04 09:54:47,786 - INFO:       Train-Incorrect Prediction: 0.5000
2024-02-04 09:54:47,786 - INFO:    Jaccard Similarity:
2024-02-04 09:54:47,786 - INFO:       Train-Prediction: 0.0000
2024-02-04 09:54:47,786 - INFO:       Train-Test: nan
2024-02-04 09:54:47,786 - INFO:       Train-Incorrect Prediction: 0.0000
2024-02-04 09:54:47,787 - INFO:    Cosine Similarity:
2024-02-04 09:54:47,787 - INFO:       Train-Prediction: 1
2024-02-04 09:54:47,787 - INFO:       Train-Test: 1
2024-02-04 09:54:47,787 - INFO:       Train-Incorrect Prediction: 1
2024-02-04 09:54:47,787 - INFO: 
Statistical Metrics:
2024-02-04 09:54:47,787 - INFO:    KL Divergence:
2024-02-04 09:54:47,787 - INFO:       Train-Prediction: 0.7468
2024-02-04 09:54:47,788 - INFO:       Train-Test: 0.0000
2024-02-04 09:54:47,788 - INFO:       Train-Incorrect Prediction: 0.4833
2024-02-04 09:54:47,788 - INFO: 
Overlap Metrics:
2024-02-04 09:54:47,788 - INFO:    Overlap Coefficient:
2024-02-04 09:54:47,788 - INFO:       Train-Prediction: 0
2024-02-04 09:54:47,788 - INFO:       Train-Test: 0
2024-02-04 09:54:47,789 - INFO:       Train-Incorrect Prediction: 0
2024-02-04 09:54:47,789 - INFO:    Dice Coefficient:
2024-02-04 09:54:47,789 - INFO:       Train-Prediction: 0.0000
2024-02-04 09:54:47,789 - INFO:       Train-Test: 0
2024-02-04 09:54:47,789 - INFO:       Train-Incorrect Prediction: 0.0000
2024-02-04 09:54:47,789 - INFO:    Intersection Count:
2024-02-04 09:54:47,789 - INFO:       Train-Prediction: 0
2024-02-04 09:54:47,790 - INFO:       Train-Test: 0
2024-02-04 09:54:47,790 - INFO:       Train-Incorrect Prediction: 0
2024-02-04 09:54:47,790 - INFO: --------------------------------------------------
2024-02-04 09:54:47,790 - INFO: Successfully processed inaugural
2024-02-04 09:54:50,998 - WARNING: Attempted to calculate EMD on empty distribution.
2024-02-04 09:54:50,999 - WARNING: Attempted to calculate EMD on empty distribution.
2024-02-04 09:54:50,999 - WARNING: Attempted to calculate EMD on empty distribution.
2024-02-04 09:54:52,758 - INFO: 
--------------------------------------------------
mega_corpus Corpus Analysis
--------------------------------------------------
2024-02-04 09:54:52,758 - INFO: 
Similarity Metrics:
2024-02-04 09:54:52,758 - INFO:    EMD:
2024-02-04 09:54:52,759 - INFO:       Train-Prediction: N/A
2024-02-04 09:54:52,759 - INFO:       Train-Test: N/A
2024-02-04 09:54:52,759 - INFO:       Train-Incorrect Prediction: N/A
2024-02-04 09:54:52,759 - INFO:    Frequency Similarity:
2024-02-04 09:54:52,759 - INFO:       Train-Prediction: 0.5000
2024-02-04 09:54:52,760 - INFO:       Train-Test: 1.0000
2024-02-04 09:54:52,760 - INFO:       Train-Incorrect Prediction: 0.5000
2024-02-04 09:54:52,760 - INFO:    Jaccard Similarity:
2024-02-04 09:54:52,760 - INFO:       Train-Prediction: 0.0000
2024-02-04 09:54:52,761 - INFO:       Train-Test: nan
2024-02-04 09:54:52,761 - INFO:       Train-Incorrect Prediction: 0.0000
2024-02-04 09:54:52,761 - INFO:    Cosine Similarity:
2024-02-04 09:54:52,761 - INFO:       Train-Prediction: 1
2024-02-04 09:54:52,761 - INFO:       Train-Test: 1
2024-02-04 09:54:52,762 - INFO:       Train-Incorrect Prediction: 1
2024-02-04 09:54:52,762 - INFO: 
Statistical Metrics:
2024-02-04 09:54:52,762 - INFO:    KL Divergence:
2024-02-04 09:54:52,762 - INFO:       Train-Prediction: 1.2746
2024-02-04 09:54:52,762 - INFO:       Train-Test: 0.0000
2024-02-04 09:54:52,762 - INFO:       Train-Incorrect Prediction: 1.0661
2024-02-04 09:54:52,763 - INFO: 
Overlap Metrics:
2024-02-04 09:54:52,763 - INFO:    Overlap Coefficient:
2024-02-04 09:54:52,763 - INFO:       Train-Prediction: 0
2024-02-04 09:54:52,763 - INFO:       Train-Test: 0
2024-02-04 09:54:52,764 - INFO:       Train-Incorrect Prediction: 0
2024-02-04 09:54:52,764 - INFO:    Dice Coefficient:
2024-02-04 09:54:52,764 - INFO:       Train-Prediction: 0.0000
2024-02-04 09:54:52,764 - INFO:       Train-Test: 0
2024-02-04 09:54:52,764 - INFO:       Train-Incorrect Prediction: 0.0000
2024-02-04 09:54:52,765 - INFO:    Intersection Count:
2024-02-04 09:54:52,765 - INFO:       Train-Prediction: 0
2024-02-04 09:54:52,765 - INFO:       Train-Test: 0
2024-02-04 09:54:52,765 - INFO:       Train-Incorrect Prediction: 0
2024-02-04 09:54:52,765 - INFO: 
Control Analysis for mega_corpus:
2024-02-04 09:54:52,765 - INFO: --------------------------------------------------
2024-02-04 09:54:52,766 - WARNING: Attempted to calculate EMD on empty distribution.
2024-02-04 09:54:52,766 - INFO: Control Analysis for mega_corpus:
2024-02-04 09:54:52,766 - ERROR: Error processing mega_corpus: unsupported format string passed to NoneType.__format__
2024-02-04 09:54:53,232 - WARNING: Attempted to calculate EMD on empty distribution.
2024-02-04 09:54:53,232 - WARNING: Attempted to calculate EMD on empty distribution.
2024-02-04 09:54:53,232 - WARNING: Attempted to calculate EMD on empty distribution.
2024-02-04 09:54:53,518 - INFO: 
--------------------------------------------------
reuters Corpus Analysis
--------------------------------------------------
2024-02-04 09:54:53,519 - INFO: 
Similarity Metrics:
2024-02-04 09:54:53,519 - INFO:    EMD:
2024-02-04 09:54:53,519 - INFO:       Train-Prediction: N/A
2024-02-04 09:54:53,519 - INFO:       Train-Test: N/A
2024-02-04 09:54:53,519 - INFO:       Train-Incorrect Prediction: N/A
2024-02-04 09:54:53,520 - INFO:    Frequency Similarity:
2024-02-04 09:54:53,520 - INFO:       Train-Prediction: 0.5000
2024-02-04 09:54:53,520 - INFO:       Train-Test: 1.0000
2024-02-04 09:54:53,520 - INFO:       Train-Incorrect Prediction: 0.5000
2024-02-04 09:54:53,520 - INFO:    Jaccard Similarity:
2024-02-04 09:54:53,521 - INFO:       Train-Prediction: 0.0000
2024-02-04 09:54:53,521 - INFO:       Train-Test: nan
2024-02-04 09:54:53,521 - INFO:       Train-Incorrect Prediction: 0.0000
2024-02-04 09:54:53,521 - INFO:    Cosine Similarity:
2024-02-04 09:54:53,521 - INFO:       Train-Prediction: 1
2024-02-04 09:54:53,521 - INFO:       Train-Test: 1
2024-02-04 09:54:53,522 - INFO:       Train-Incorrect Prediction: 1
2024-02-04 09:54:53,522 - INFO: 
Statistical Metrics:
2024-02-04 09:54:53,522 - INFO:    KL Divergence:
2024-02-04 09:54:53,522 - INFO:       Train-Prediction: 0.8649
2024-02-04 09:54:53,522 - INFO:       Train-Test: 0.0000
2024-02-04 09:54:53,523 - INFO:       Train-Incorrect Prediction: 0.6685
2024-02-04 09:54:53,523 - INFO: 
Overlap Metrics:
2024-02-04 09:54:53,523 - INFO:    Overlap Coefficient:
2024-02-04 09:54:53,523 - INFO:       Train-Prediction: 0
2024-02-04 09:54:53,523 - INFO:       Train-Test: 0
2024-02-04 09:54:53,523 - INFO:       Train-Incorrect Prediction: 0
2024-02-04 09:54:53,523 - INFO:    Dice Coefficient:
2024-02-04 09:54:53,524 - INFO:       Train-Prediction: 0.0000
2024-02-04 09:54:53,524 - INFO:       Train-Test: 0
2024-02-04 09:54:53,524 - INFO:       Train-Incorrect Prediction: 0.0000
2024-02-04 09:54:53,524 - INFO:    Intersection Count:
2024-02-04 09:54:53,524 - INFO:       Train-Prediction: 0
2024-02-04 09:54:53,524 - INFO:       Train-Test: 0
2024-02-04 09:54:53,524 - INFO:       Train-Incorrect Prediction: 0
2024-02-04 09:54:53,525 - INFO: --------------------------------------------------
2024-02-04 09:54:53,525 - INFO: Successfully processed reuters
2024-02-04 09:58:26,680 - WARNING: Attempted to calculate EMD on empty distribution.
2024-02-04 09:58:26,680 - WARNING: Attempted to calculate EMD on empty distribution.
2024-02-04 09:58:26,681 - WARNING: Attempted to calculate EMD on empty distribution.
2024-02-04 09:58:27,081 - INFO: 
--------------------------------------------------
brown Corpus Analysis
--------------------------------------------------
2024-02-04 09:58:27,081 - INFO: 
Similarity Metrics:
2024-02-04 09:58:27,082 - INFO:    EMD:
2024-02-04 09:58:27,082 - INFO:       Train-Prediction: N/A
2024-02-04 09:58:27,082 - INFO:       Train-Test: N/A
2024-02-04 09:58:27,082 - INFO:       Train-Incorrect Prediction: N/A
2024-02-04 09:58:27,082 - INFO:    Frequency Similarity:
2024-02-04 09:58:27,082 - INFO:       Train-Prediction: 0.5000
2024-02-04 09:58:27,083 - INFO:       Train-Test: 1.0000
2024-02-04 09:58:27,083 - INFO:       Train-Incorrect Prediction: 0.5000
2024-02-04 09:58:27,083 - INFO:    Jaccard Similarity:
2024-02-04 09:58:27,083 - INFO:       Train-Prediction: 0.0000
2024-02-04 09:58:27,083 - INFO:       Train-Test: nan
2024-02-04 09:58:27,083 - INFO:       Train-Incorrect Prediction: 0.0000
2024-02-04 09:58:27,084 - INFO:    Cosine Similarity:
2024-02-04 09:58:27,084 - INFO:       Train-Prediction: 1
2024-02-04 09:58:27,084 - INFO:       Train-Test: 1
2024-02-04 09:58:27,084 - INFO:       Train-Incorrect Prediction: 1
2024-02-04 09:58:27,084 - INFO: 
Statistical Metrics:
2024-02-04 09:58:27,084 - INFO:    KL Divergence:
2024-02-04 09:58:27,085 - INFO:       Train-Prediction: 0.9763
2024-02-04 09:58:27,085 - INFO:       Train-Test: 0.0000
2024-02-04 09:58:27,085 - INFO:       Train-Incorrect Prediction: 0.7294
2024-02-04 09:58:27,085 - INFO: 
Overlap Metrics:
2024-02-04 09:58:27,085 - INFO:    Overlap Coefficient:
2024-02-04 09:58:27,085 - INFO:       Train-Prediction: 0
2024-02-04 09:58:27,086 - INFO:       Train-Test: 0
2024-02-04 09:58:27,086 - INFO:       Train-Incorrect Prediction: 0
2024-02-04 09:58:27,086 - INFO:    Dice Coefficient:
2024-02-04 09:58:27,086 - INFO:       Train-Prediction: 0.0000
2024-02-04 09:58:27,086 - INFO:       Train-Test: 0
2024-02-04 09:58:27,086 - INFO:       Train-Incorrect Prediction: 0.0000
2024-02-04 09:58:27,087 - INFO:    Intersection Count:
2024-02-04 09:58:27,087 - INFO:       Train-Prediction: 0
2024-02-04 09:58:27,087 - INFO:       Train-Test: 0
2024-02-04 09:58:27,087 - INFO:       Train-Incorrect Prediction: 0
2024-02-04 09:58:27,087 - INFO: --------------------------------------------------
2024-02-04 09:58:27,087 - INFO: Successfully processed brown
2024-02-04 09:58:29,409 - WARNING: Attempted to calculate EMD on empty distribution.
2024-02-04 09:58:29,410 - WARNING: Attempted to calculate EMD on empty distribution.
2024-02-04 09:58:29,410 - WARNING: Attempted to calculate EMD on empty distribution.
2024-02-04 09:58:30,631 - INFO: 
--------------------------------------------------
CLMET3 Corpus Analysis
--------------------------------------------------
2024-02-04 09:58:30,631 - INFO: 
Similarity Metrics:
2024-02-04 09:58:30,631 - INFO:    EMD:
2024-02-04 09:58:30,631 - INFO:       Train-Prediction: N/A
2024-02-04 09:58:30,631 - INFO:       Train-Test: N/A
2024-02-04 09:58:30,631 - INFO:       Train-Incorrect Prediction: N/A
2024-02-04 09:58:30,632 - INFO:    Frequency Similarity:
2024-02-04 09:58:30,632 - INFO:       Train-Prediction: 0.5000
2024-02-04 09:58:30,632 - INFO:       Train-Test: 1.0000
2024-02-04 09:58:30,632 - INFO:       Train-Incorrect Prediction: 0.5000
2024-02-04 09:58:30,632 - INFO:    Jaccard Similarity:
2024-02-04 09:58:30,632 - INFO:       Train-Prediction: 0.0000
2024-02-04 09:58:30,632 - INFO:       Train-Test: nan
2024-02-04 09:58:30,633 - INFO:       Train-Incorrect Prediction: 0.0000
2024-02-04 09:58:30,633 - INFO:    Cosine Similarity:
2024-02-04 09:58:30,633 - INFO:       Train-Prediction: 1
2024-02-04 09:58:30,633 - INFO:       Train-Test: 1
2024-02-04 09:58:30,633 - INFO:       Train-Incorrect Prediction: 1
2024-02-04 09:58:30,633 - INFO: 
Statistical Metrics:
2024-02-04 09:58:30,634 - INFO:    KL Divergence:
2024-02-04 09:58:30,634 - INFO:       Train-Prediction: 1.2120
2024-02-04 09:58:30,634 - INFO:       Train-Test: 0.0000
2024-02-04 09:58:30,634 - INFO:       Train-Incorrect Prediction: 0.9704
2024-02-04 09:58:30,634 - INFO: 
Overlap Metrics:
2024-02-04 09:58:30,634 - INFO:    Overlap Coefficient:
2024-02-04 09:58:30,634 - INFO:       Train-Prediction: 0
2024-02-04 09:58:30,635 - INFO:       Train-Test: 0
2024-02-04 09:58:30,635 - INFO:       Train-Incorrect Prediction: 0
2024-02-04 09:58:30,635 - INFO:    Dice Coefficient:
2024-02-04 09:58:30,635 - INFO:       Train-Prediction: 0.0000
2024-02-04 09:58:30,635 - INFO:       Train-Test: 0
2024-02-04 09:58:30,635 - INFO:       Train-Incorrect Prediction: 0.0000
2024-02-04 09:58:30,635 - INFO:    Intersection Count:
2024-02-04 09:58:30,636 - INFO:       Train-Prediction: 0
2024-02-04 09:58:30,636 - INFO:       Train-Test: 0
2024-02-04 09:58:30,636 - INFO:       Train-Incorrect Prediction: 0
2024-02-04 09:58:30,636 - INFO: --------------------------------------------------
2024-02-04 09:58:30,636 - INFO: Successfully processed CLMET3
2024-02-04 09:58:32,352 - WARNING: Attempted to calculate EMD on empty distribution.
2024-02-04 09:58:32,353 - WARNING: Attempted to calculate EMD on empty distribution.
2024-02-04 09:58:32,353 - WARNING: Attempted to calculate EMD on empty distribution.
2024-02-04 09:58:33,300 - INFO: 
--------------------------------------------------
cmudict Corpus Analysis
--------------------------------------------------
2024-02-04 09:58:33,300 - INFO: 
Similarity Metrics:
2024-02-04 09:58:33,301 - INFO:    EMD:
2024-02-04 09:58:33,301 - INFO:       Train-Prediction: N/A
2024-02-04 09:58:33,301 - INFO:       Train-Test: N/A
2024-02-04 09:58:33,301 - INFO:       Train-Incorrect Prediction: N/A
2024-02-04 09:58:33,301 - INFO:    Frequency Similarity:
2024-02-04 09:58:33,302 - INFO:       Train-Prediction: 0.5000
2024-02-04 09:58:33,302 - INFO:       Train-Test: 1.0000
2024-02-04 09:58:33,302 - INFO:       Train-Incorrect Prediction: 0.5000
2024-02-04 09:58:33,302 - INFO:    Jaccard Similarity:
2024-02-04 09:58:33,302 - INFO:       Train-Prediction: 0.0000
2024-02-04 09:58:33,302 - INFO:       Train-Test: nan
2024-02-04 09:58:33,303 - INFO:       Train-Incorrect Prediction: 0.0000
2024-02-04 09:58:33,303 - INFO:    Cosine Similarity:
2024-02-04 09:58:33,303 - INFO:       Train-Prediction: 1
2024-02-04 09:58:33,303 - INFO:       Train-Test: 1
2024-02-04 09:58:33,304 - INFO:       Train-Incorrect Prediction: 1
2024-02-04 09:58:33,304 - INFO: 
Statistical Metrics:
2024-02-04 09:58:33,304 - INFO:    KL Divergence:
2024-02-04 09:58:33,304 - INFO:       Train-Prediction: 1.1026
2024-02-04 09:58:33,304 - INFO:       Train-Test: 0.0000
2024-02-04 09:58:33,305 - INFO:       Train-Incorrect Prediction: 0.9549
2024-02-04 09:58:33,305 - INFO: 
Overlap Metrics:
2024-02-04 09:58:33,305 - INFO:    Overlap Coefficient:
2024-02-04 09:58:33,305 - INFO:       Train-Prediction: 0
2024-02-04 09:58:33,305 - INFO:       Train-Test: 0
2024-02-04 09:58:33,305 - INFO:       Train-Incorrect Prediction: 0
2024-02-04 09:58:33,305 - INFO:    Dice Coefficient:
2024-02-04 09:58:33,305 - INFO:       Train-Prediction: 0.0000
2024-02-04 09:58:33,306 - INFO:       Train-Test: 0
2024-02-04 09:58:33,306 - INFO:       Train-Incorrect Prediction: 0.0000
2024-02-04 09:58:33,306 - INFO:    Intersection Count:
2024-02-04 09:58:33,306 - INFO:       Train-Prediction: 0
2024-02-04 09:58:33,306 - INFO:       Train-Test: 0
2024-02-04 09:58:33,306 - INFO:       Train-Incorrect Prediction: 0
2024-02-04 09:58:33,306 - INFO: --------------------------------------------------
2024-02-04 09:58:33,306 - INFO: Successfully processed cmudict
2024-02-04 09:58:33,999 - WARNING: Attempted to calculate EMD on empty distribution.
2024-02-04 09:58:34,000 - WARNING: Attempted to calculate EMD on empty distribution.
2024-02-04 09:58:34,000 - WARNING: Attempted to calculate EMD on empty distribution.
2024-02-04 09:58:34,399 - INFO: 
--------------------------------------------------
gutenberg Corpus Analysis
--------------------------------------------------
2024-02-04 09:58:34,400 - INFO: 
Similarity Metrics:
2024-02-04 09:58:34,400 - INFO:    EMD:
2024-02-04 09:58:34,400 - INFO:       Train-Prediction: N/A
2024-02-04 09:58:34,400 - INFO:       Train-Test: N/A
2024-02-04 09:58:34,400 - INFO:       Train-Incorrect Prediction: N/A
2024-02-04 09:58:34,400 - INFO:    Frequency Similarity:
2024-02-04 09:58:34,401 - INFO:       Train-Prediction: 0.5000
2024-02-04 09:58:34,401 - INFO:       Train-Test: 1.0000
2024-02-04 09:58:34,401 - INFO:       Train-Incorrect Prediction: 0.5000
2024-02-04 09:58:34,401 - INFO:    Jaccard Similarity:
2024-02-04 09:58:34,401 - INFO:       Train-Prediction: 0.0000
2024-02-04 09:58:34,401 - INFO:       Train-Test: nan
2024-02-04 09:58:34,401 - INFO:       Train-Incorrect Prediction: 0.0000
2024-02-04 09:58:34,402 - INFO:    Cosine Similarity:
2024-02-04 09:58:34,402 - INFO:       Train-Prediction: 1
2024-02-04 09:58:34,402 - INFO:       Train-Test: 1
2024-02-04 09:58:34,402 - INFO:       Train-Incorrect Prediction: 1
2024-02-04 09:58:34,402 - INFO: 
Statistical Metrics:
2024-02-04 09:58:34,402 - INFO:    KL Divergence:
2024-02-04 09:58:34,402 - INFO:       Train-Prediction: 0.9686
2024-02-04 09:58:34,403 - INFO:       Train-Test: 0.0000
2024-02-04 09:58:34,403 - INFO:       Train-Incorrect Prediction: 0.7442
2024-02-04 09:58:34,403 - INFO: 
Overlap Metrics:
2024-02-04 09:58:34,403 - INFO:    Overlap Coefficient:
2024-02-04 09:58:34,403 - INFO:       Train-Prediction: 0
2024-02-04 09:58:34,403 - INFO:       Train-Test: 0
2024-02-04 09:58:34,404 - INFO:       Train-Incorrect Prediction: 0
2024-02-04 09:58:34,404 - INFO:    Dice Coefficient:
2024-02-04 09:58:34,404 - INFO:       Train-Prediction: 0.0000
2024-02-04 09:58:34,404 - INFO:       Train-Test: 0
2024-02-04 09:58:34,404 - INFO:       Train-Incorrect Prediction: 0.0000
2024-02-04 09:58:34,404 - INFO:    Intersection Count:
2024-02-04 09:58:34,404 - INFO:       Train-Prediction: 0
2024-02-04 09:58:34,405 - INFO:       Train-Test: 0
2024-02-04 09:58:34,405 - INFO:       Train-Incorrect Prediction: 0
2024-02-04 09:58:34,405 - INFO: --------------------------------------------------
2024-02-04 09:58:34,405 - INFO: Successfully processed gutenberg
2024-02-04 09:58:34,626 - WARNING: Attempted to calculate EMD on empty distribution.
2024-02-04 09:58:34,627 - WARNING: Attempted to calculate EMD on empty distribution.
2024-02-04 09:58:34,627 - WARNING: Attempted to calculate EMD on empty distribution.
2024-02-04 09:58:34,792 - INFO: 
--------------------------------------------------
inaugural Corpus Analysis
--------------------------------------------------
2024-02-04 09:58:34,792 - INFO: 
Similarity Metrics:
2024-02-04 09:58:34,792 - INFO:    EMD:
2024-02-04 09:58:34,792 - INFO:       Train-Prediction: N/A
2024-02-04 09:58:34,792 - INFO:       Train-Test: N/A
2024-02-04 09:58:34,793 - INFO:       Train-Incorrect Prediction: N/A
2024-02-04 09:58:34,793 - INFO:    Frequency Similarity:
2024-02-04 09:58:34,793 - INFO:       Train-Prediction: 0.5000
2024-02-04 09:58:34,793 - INFO:       Train-Test: 1.0000
2024-02-04 09:58:34,794 - INFO:       Train-Incorrect Prediction: 0.5000
2024-02-04 09:58:34,794 - INFO:    Jaccard Similarity:
2024-02-04 09:58:34,794 - INFO:       Train-Prediction: 0.0000
2024-02-04 09:58:34,794 - INFO:       Train-Test: nan
2024-02-04 09:58:34,794 - INFO:       Train-Incorrect Prediction: 0.0000
2024-02-04 09:58:34,795 - INFO:    Cosine Similarity:
2024-02-04 09:58:34,795 - INFO:       Train-Prediction: 1
2024-02-04 09:58:34,795 - INFO:       Train-Test: 1
2024-02-04 09:58:34,795 - INFO:       Train-Incorrect Prediction: 1
2024-02-04 09:58:34,795 - INFO: 
Statistical Metrics:
2024-02-04 09:58:34,795 - INFO:    KL Divergence:
2024-02-04 09:58:34,796 - INFO:       Train-Prediction: 0.7468
2024-02-04 09:58:34,796 - INFO:       Train-Test: 0.0000
2024-02-04 09:58:34,796 - INFO:       Train-Incorrect Prediction: 0.4833
2024-02-04 09:58:34,796 - INFO: 
Overlap Metrics:
2024-02-04 09:58:34,796 - INFO:    Overlap Coefficient:
2024-02-04 09:58:34,796 - INFO:       Train-Prediction: 0
2024-02-04 09:58:34,797 - INFO:       Train-Test: 0
2024-02-04 09:58:34,797 - INFO:       Train-Incorrect Prediction: 0
2024-02-04 09:58:34,797 - INFO:    Dice Coefficient:
2024-02-04 09:58:34,797 - INFO:       Train-Prediction: 0.0000
2024-02-04 09:58:34,797 - INFO:       Train-Test: 0
2024-02-04 09:58:34,797 - INFO:       Train-Incorrect Prediction: 0.0000
2024-02-04 09:58:34,798 - INFO:    Intersection Count:
2024-02-04 09:58:34,798 - INFO:       Train-Prediction: 0
2024-02-04 09:58:34,798 - INFO:       Train-Test: 0
2024-02-04 09:58:34,798 - INFO:       Train-Incorrect Prediction: 0
2024-02-04 09:58:34,799 - INFO: --------------------------------------------------
2024-02-04 09:58:34,799 - INFO: Successfully processed inaugural
2024-02-04 09:58:35,268 - WARNING: Attempted to calculate EMD on empty distribution.
2024-02-04 09:58:35,268 - WARNING: Attempted to calculate EMD on empty distribution.
2024-02-04 09:58:35,269 - WARNING: Attempted to calculate EMD on empty distribution.
2024-02-04 09:58:35,558 - INFO: 
--------------------------------------------------
reuters Corpus Analysis
--------------------------------------------------
2024-02-04 09:58:35,558 - INFO: 
Similarity Metrics:
2024-02-04 09:58:35,559 - INFO:    EMD:
2024-02-04 09:58:35,559 - INFO:       Train-Prediction: N/A
2024-02-04 09:58:35,559 - INFO:       Train-Test: N/A
2024-02-04 09:58:35,559 - INFO:       Train-Incorrect Prediction: N/A
2024-02-04 09:58:35,560 - INFO:    Frequency Similarity:
2024-02-04 09:58:35,560 - INFO:       Train-Prediction: 0.5000
2024-02-04 09:58:35,560 - INFO:       Train-Test: 1.0000
2024-02-04 09:58:35,560 - INFO:       Train-Incorrect Prediction: 0.5000
2024-02-04 09:58:35,560 - INFO:    Jaccard Similarity:
2024-02-04 09:58:35,561 - INFO:       Train-Prediction: 0.0000
2024-02-04 09:58:35,561 - INFO:       Train-Test: nan
2024-02-04 09:58:35,561 - INFO:       Train-Incorrect Prediction: 0.0000
2024-02-04 09:58:35,561 - INFO:    Cosine Similarity:
2024-02-04 09:58:35,562 - INFO:       Train-Prediction: 1
2024-02-04 09:58:35,562 - INFO:       Train-Test: 1
2024-02-04 09:58:35,562 - INFO:       Train-Incorrect Prediction: 1
2024-02-04 09:58:35,562 - INFO: 
Statistical Metrics:
2024-02-04 09:58:35,562 - INFO:    KL Divergence:
2024-02-04 09:58:35,562 - INFO:       Train-Prediction: 0.8649
2024-02-04 09:58:35,563 - INFO:       Train-Test: 0.0000
2024-02-04 09:58:35,563 - INFO:       Train-Incorrect Prediction: 0.6685
2024-02-04 09:58:35,563 - INFO: 
Overlap Metrics:
2024-02-04 09:58:35,563 - INFO:    Overlap Coefficient:
2024-02-04 09:58:35,563 - INFO:       Train-Prediction: 0
2024-02-04 09:58:35,563 - INFO:       Train-Test: 0
2024-02-04 09:58:35,563 - INFO:       Train-Incorrect Prediction: 0
2024-02-04 09:58:35,564 - INFO:    Dice Coefficient:
2024-02-04 09:58:35,564 - INFO:       Train-Prediction: 0.0000
2024-02-04 09:58:35,564 - INFO:       Train-Test: 0
2024-02-04 09:58:35,564 - INFO:       Train-Incorrect Prediction: 0.0000
2024-02-04 09:58:35,564 - INFO:    Intersection Count:
2024-02-04 09:58:35,565 - INFO:       Train-Prediction: 0
2024-02-04 09:58:35,565 - INFO:       Train-Test: 0
2024-02-04 09:58:35,565 - INFO:       Train-Incorrect Prediction: 0
2024-02-04 09:58:35,565 - INFO: --------------------------------------------------
2024-02-04 09:58:35,565 - INFO: Successfully processed reuters
2024-02-04 10:10:00,375 - WARNING: Attempted to calculate EMD on empty distribution.
2024-02-04 10:10:00,375 - WARNING: Attempted to calculate EMD on empty distribution.
2024-02-04 10:10:00,375 - WARNING: Attempted to calculate EMD on empty distribution.
2024-02-04 10:10:00,776 - INFO: 
--------------------------------------------------
brown Corpus Analysis
--------------------------------------------------
2024-02-04 10:10:00,776 - INFO: 
Similarity Metrics:
2024-02-04 10:10:00,777 - INFO:    EMD:
2024-02-04 10:10:00,777 - INFO:       Train-Prediction: N/A
2024-02-04 10:10:00,777 - INFO:       Train-Test: N/A
2024-02-04 10:10:00,778 - INFO:       Train-Incorrect Prediction: N/A
2024-02-04 10:10:00,778 - INFO:    Frequency Similarity:
2024-02-04 10:10:00,778 - INFO:       Train-Prediction: 0.5000
2024-02-04 10:10:00,778 - INFO:       Train-Test: 1.0000
2024-02-04 10:10:00,778 - INFO:       Train-Incorrect Prediction: 0.5000
2024-02-04 10:10:00,778 - INFO:    Jaccard Similarity:
2024-02-04 10:10:00,779 - INFO:       Train-Prediction: 0.0000
2024-02-04 10:10:00,779 - INFO:       Train-Test: nan
2024-02-04 10:10:00,779 - INFO:       Train-Incorrect Prediction: 0.0000
2024-02-04 10:10:00,779 - INFO:    Cosine Similarity:
2024-02-04 10:10:00,779 - INFO:       Train-Prediction: 1
2024-02-04 10:10:00,779 - INFO:       Train-Test: 1
2024-02-04 10:10:00,780 - INFO:       Train-Incorrect Prediction: 1
2024-02-04 10:10:00,780 - INFO: 
Statistical Metrics:
2024-02-04 10:10:00,780 - INFO:    KL Divergence:
2024-02-04 10:10:00,780 - INFO:       Train-Prediction: 0.9763
2024-02-04 10:10:00,780 - INFO:       Train-Test: 0.0000
2024-02-04 10:10:00,780 - INFO:       Train-Incorrect Prediction: 0.7294
2024-02-04 10:10:00,780 - INFO: 
Overlap Metrics:
2024-02-04 10:10:00,781 - INFO:    Overlap Coefficient:
2024-02-04 10:10:00,781 - INFO:       Train-Prediction: 0
2024-02-04 10:10:00,781 - INFO:       Train-Test: 0
2024-02-04 10:10:00,781 - INFO:       Train-Incorrect Prediction: 0
2024-02-04 10:10:00,781 - INFO:    Dice Coefficient:
2024-02-04 10:10:00,781 - INFO:       Train-Prediction: 0.0000
2024-02-04 10:10:00,782 - INFO:       Train-Test: 0
2024-02-04 10:10:00,782 - INFO:       Train-Incorrect Prediction: 0.0000
2024-02-04 10:10:00,782 - INFO:    Intersection Count:
2024-02-04 10:10:00,782 - INFO:       Train-Prediction: 0
2024-02-04 10:10:00,782 - INFO:       Train-Test: 0
2024-02-04 10:10:00,782 - INFO:       Train-Incorrect Prediction: 0
2024-02-04 10:10:00,783 - INFO: --------------------------------------------------
2024-02-04 10:10:00,783 - INFO: Successfully processed brown
2024-02-04 10:10:03,075 - WARNING: Attempted to calculate EMD on empty distribution.
2024-02-04 10:10:03,075 - WARNING: Attempted to calculate EMD on empty distribution.
2024-02-04 10:10:03,075 - WARNING: Attempted to calculate EMD on empty distribution.
2024-02-04 10:10:04,275 - INFO: 
--------------------------------------------------
CLMET3 Corpus Analysis
--------------------------------------------------
2024-02-04 10:10:04,275 - INFO: 
Similarity Metrics:
2024-02-04 10:10:04,275 - INFO:    EMD:
2024-02-04 10:10:04,275 - INFO:       Train-Prediction: N/A
2024-02-04 10:10:04,275 - INFO:       Train-Test: N/A
2024-02-04 10:10:04,275 - INFO:       Train-Incorrect Prediction: N/A
2024-02-04 10:10:04,276 - INFO:    Frequency Similarity:
2024-02-04 10:10:04,276 - INFO:       Train-Prediction: 0.5000
2024-02-04 10:10:04,276 - INFO:       Train-Test: 1.0000
2024-02-04 10:10:04,276 - INFO:       Train-Incorrect Prediction: 0.5000
2024-02-04 10:10:04,276 - INFO:    Jaccard Similarity:
2024-02-04 10:10:04,277 - INFO:       Train-Prediction: 0.0000
2024-02-04 10:10:04,277 - INFO:       Train-Test: nan
2024-02-04 10:10:04,277 - INFO:       Train-Incorrect Prediction: 0.0000
2024-02-04 10:10:04,277 - INFO:    Cosine Similarity:
2024-02-04 10:10:04,278 - INFO:       Train-Prediction: 1
2024-02-04 10:10:04,278 - INFO:       Train-Test: 1
2024-02-04 10:10:04,278 - INFO:       Train-Incorrect Prediction: 1
2024-02-04 10:10:04,278 - INFO: 
Statistical Metrics:
2024-02-04 10:10:04,278 - INFO:    KL Divergence:
2024-02-04 10:10:04,279 - INFO:       Train-Prediction: 1.2120
2024-02-04 10:10:04,279 - INFO:       Train-Test: 0.0000
2024-02-04 10:10:04,279 - INFO:       Train-Incorrect Prediction: 0.9704
2024-02-04 10:10:04,279 - INFO: 
Overlap Metrics:
2024-02-04 10:10:04,279 - INFO:    Overlap Coefficient:
2024-02-04 10:10:04,279 - INFO:       Train-Prediction: 0
2024-02-04 10:10:04,279 - INFO:       Train-Test: 0
2024-02-04 10:10:04,280 - INFO:       Train-Incorrect Prediction: 0
2024-02-04 10:10:04,280 - INFO:    Dice Coefficient:
2024-02-04 10:10:04,280 - INFO:       Train-Prediction: 0.0000
2024-02-04 10:10:04,280 - INFO:       Train-Test: 0
2024-02-04 10:10:04,280 - INFO:       Train-Incorrect Prediction: 0.0000
2024-02-04 10:10:04,280 - INFO:    Intersection Count:
2024-02-04 10:10:04,280 - INFO:       Train-Prediction: 0
2024-02-04 10:10:04,281 - INFO:       Train-Test: 0
2024-02-04 10:10:04,281 - INFO:       Train-Incorrect Prediction: 0
2024-02-04 10:10:04,281 - INFO: --------------------------------------------------
2024-02-04 10:10:04,281 - INFO: Successfully processed CLMET3
2024-02-04 10:10:05,980 - WARNING: Attempted to calculate EMD on empty distribution.
2024-02-04 10:10:05,981 - WARNING: Attempted to calculate EMD on empty distribution.
2024-02-04 10:10:05,981 - WARNING: Attempted to calculate EMD on empty distribution.
2024-02-04 10:10:06,940 - INFO: 
--------------------------------------------------
cmudict Corpus Analysis
--------------------------------------------------
2024-02-04 10:10:06,940 - INFO: 
Similarity Metrics:
2024-02-04 10:10:06,940 - INFO:    EMD:
2024-02-04 10:10:06,940 - INFO:       Train-Prediction: N/A
2024-02-04 10:10:06,940 - INFO:       Train-Test: N/A
2024-02-04 10:10:06,940 - INFO:       Train-Incorrect Prediction: N/A
2024-02-04 10:10:06,940 - INFO:    Frequency Similarity:
2024-02-04 10:10:06,941 - INFO:       Train-Prediction: 0.5000
2024-02-04 10:10:06,941 - INFO:       Train-Test: 1.0000
2024-02-04 10:10:06,941 - INFO:       Train-Incorrect Prediction: 0.5000
2024-02-04 10:10:06,941 - INFO:    Jaccard Similarity:
2024-02-04 10:10:06,941 - INFO:       Train-Prediction: 0.0000
2024-02-04 10:10:06,941 - INFO:       Train-Test: nan
2024-02-04 10:10:06,941 - INFO:       Train-Incorrect Prediction: 0.0000
2024-02-04 10:10:06,942 - INFO:    Cosine Similarity:
2024-02-04 10:10:06,942 - INFO:       Train-Prediction: 1
2024-02-04 10:10:06,942 - INFO:       Train-Test: 1
2024-02-04 10:10:06,942 - INFO:       Train-Incorrect Prediction: 1
2024-02-04 10:10:06,942 - INFO: 
Statistical Metrics:
2024-02-04 10:10:06,942 - INFO:    KL Divergence:
2024-02-04 10:10:06,943 - INFO:       Train-Prediction: 1.1026
2024-02-04 10:10:06,943 - INFO:       Train-Test: 0.0000
2024-02-04 10:10:06,943 - INFO:       Train-Incorrect Prediction: 0.9549
2024-02-04 10:10:06,943 - INFO: 
Overlap Metrics:
2024-02-04 10:10:06,943 - INFO:    Overlap Coefficient:
2024-02-04 10:10:06,944 - INFO:       Train-Prediction: 0
2024-02-04 10:10:06,944 - INFO:       Train-Test: 0
2024-02-04 10:10:06,944 - INFO:       Train-Incorrect Prediction: 0
2024-02-04 10:10:06,944 - INFO:    Dice Coefficient:
2024-02-04 10:10:06,944 - INFO:       Train-Prediction: 0.0000
2024-02-04 10:10:06,945 - INFO:       Train-Test: 0
2024-02-04 10:10:06,945 - INFO:       Train-Incorrect Prediction: 0.0000
2024-02-04 10:10:06,945 - INFO:    Intersection Count:
2024-02-04 10:10:06,945 - INFO:       Train-Prediction: 0
2024-02-04 10:10:06,945 - INFO:       Train-Test: 0
2024-02-04 10:10:06,945 - INFO:       Train-Incorrect Prediction: 0
2024-02-04 10:10:06,946 - INFO: --------------------------------------------------
2024-02-04 10:10:06,946 - INFO: Successfully processed cmudict
2024-02-04 10:10:07,631 - WARNING: Attempted to calculate EMD on empty distribution.
2024-02-04 10:10:07,631 - WARNING: Attempted to calculate EMD on empty distribution.
2024-02-04 10:10:07,631 - WARNING: Attempted to calculate EMD on empty distribution.
2024-02-04 10:10:08,015 - INFO: 
--------------------------------------------------
gutenberg Corpus Analysis
--------------------------------------------------
2024-02-04 10:10:08,015 - INFO: 
Similarity Metrics:
2024-02-04 10:10:08,015 - INFO:    EMD:
2024-02-04 10:10:08,015 - INFO:       Train-Prediction: N/A
2024-02-04 10:10:08,015 - INFO:       Train-Test: N/A
2024-02-04 10:10:08,015 - INFO:       Train-Incorrect Prediction: N/A
2024-02-04 10:10:08,016 - INFO:    Frequency Similarity:
2024-02-04 10:10:08,016 - INFO:       Train-Prediction: 0.5000
2024-02-04 10:10:08,016 - INFO:       Train-Test: 1.0000
2024-02-04 10:10:08,016 - INFO:       Train-Incorrect Prediction: 0.5000
2024-02-04 10:10:08,016 - INFO:    Jaccard Similarity:
2024-02-04 10:10:08,016 - INFO:       Train-Prediction: 0.0000
2024-02-04 10:10:08,017 - INFO:       Train-Test: nan
2024-02-04 10:10:08,017 - INFO:       Train-Incorrect Prediction: 0.0000
2024-02-04 10:10:08,017 - INFO:    Cosine Similarity:
2024-02-04 10:10:08,017 - INFO:       Train-Prediction: 1
2024-02-04 10:10:08,017 - INFO:       Train-Test: 1
2024-02-04 10:10:08,018 - INFO:       Train-Incorrect Prediction: 1
2024-02-04 10:10:08,018 - INFO: 
Statistical Metrics:
2024-02-04 10:10:08,018 - INFO:    KL Divergence:
2024-02-04 10:10:08,018 - INFO:       Train-Prediction: 0.9686
2024-02-04 10:10:08,018 - INFO:       Train-Test: 0.0000
2024-02-04 10:10:08,018 - INFO:       Train-Incorrect Prediction: 0.7442
2024-02-04 10:10:08,018 - INFO: 
Overlap Metrics:
2024-02-04 10:10:08,019 - INFO:    Overlap Coefficient:
2024-02-04 10:10:08,019 - INFO:       Train-Prediction: 0
2024-02-04 10:10:08,019 - INFO:       Train-Test: 0
2024-02-04 10:10:08,019 - INFO:       Train-Incorrect Prediction: 0
2024-02-04 10:10:08,019 - INFO:    Dice Coefficient:
2024-02-04 10:10:08,019 - INFO:       Train-Prediction: 0.0000
2024-02-04 10:10:08,019 - INFO:       Train-Test: 0
2024-02-04 10:10:08,020 - INFO:       Train-Incorrect Prediction: 0.0000
2024-02-04 10:10:08,020 - INFO:    Intersection Count:
2024-02-04 10:10:08,020 - INFO:       Train-Prediction: 0
2024-02-04 10:10:08,020 - INFO:       Train-Test: 0
2024-02-04 10:10:08,020 - INFO:       Train-Incorrect Prediction: 0
2024-02-04 10:10:08,020 - INFO: --------------------------------------------------
2024-02-04 10:10:08,020 - INFO: Successfully processed gutenberg
2024-02-04 10:10:08,192 - WARNING: Attempted to calculate EMD on empty distribution.
2024-02-04 10:10:08,192 - WARNING: Attempted to calculate EMD on empty distribution.
2024-02-04 10:10:08,192 - WARNING: Attempted to calculate EMD on empty distribution.
2024-02-04 10:10:08,308 - INFO: 
--------------------------------------------------
inaugural Corpus Analysis
--------------------------------------------------
2024-02-04 10:10:08,308 - INFO: 
Similarity Metrics:
2024-02-04 10:10:08,308 - INFO:    EMD:
2024-02-04 10:10:08,308 - INFO:       Train-Prediction: N/A
2024-02-04 10:10:08,308 - INFO:       Train-Test: N/A
2024-02-04 10:10:08,309 - INFO:       Train-Incorrect Prediction: N/A
2024-02-04 10:10:08,309 - INFO:    Frequency Similarity:
2024-02-04 10:10:08,309 - INFO:       Train-Prediction: 0.5000
2024-02-04 10:10:08,309 - INFO:       Train-Test: 1.0000
2024-02-04 10:10:08,309 - INFO:       Train-Incorrect Prediction: 0.5000
2024-02-04 10:10:08,310 - INFO:    Jaccard Similarity:
2024-02-04 10:10:08,310 - INFO:       Train-Prediction: 0.0000
2024-02-04 10:10:08,311 - INFO:       Train-Test: nan
2024-02-04 10:10:08,311 - INFO:       Train-Incorrect Prediction: 0.0000
2024-02-04 10:10:08,311 - INFO:    Cosine Similarity:
2024-02-04 10:10:08,311 - INFO:       Train-Prediction: 1
2024-02-04 10:10:08,311 - INFO:       Train-Test: 1
2024-02-04 10:10:08,312 - INFO:       Train-Incorrect Prediction: 1
2024-02-04 10:10:08,312 - INFO: 
Statistical Metrics:
2024-02-04 10:10:08,312 - INFO:    KL Divergence:
2024-02-04 10:10:08,312 - INFO:       Train-Prediction: 0.7468
2024-02-04 10:10:08,312 - INFO:       Train-Test: 0.0000
2024-02-04 10:10:08,312 - INFO:       Train-Incorrect Prediction: 0.4833
2024-02-04 10:10:08,313 - INFO: 
Overlap Metrics:
2024-02-04 10:10:08,313 - INFO:    Overlap Coefficient:
2024-02-04 10:10:08,313 - INFO:       Train-Prediction: 0
2024-02-04 10:10:08,313 - INFO:       Train-Test: 0
2024-02-04 10:10:08,313 - INFO:       Train-Incorrect Prediction: 0
2024-02-04 10:10:08,313 - INFO:    Dice Coefficient:
2024-02-04 10:10:08,314 - INFO:       Train-Prediction: 0.0000
2024-02-04 10:10:08,314 - INFO:       Train-Test: 0
2024-02-04 10:10:08,314 - INFO:       Train-Incorrect Prediction: 0.0000
2024-02-04 10:10:08,314 - INFO:    Intersection Count:
2024-02-04 10:10:08,314 - INFO:       Train-Prediction: 0
2024-02-04 10:10:08,314 - INFO:       Train-Test: 0
2024-02-04 10:10:08,315 - INFO:       Train-Incorrect Prediction: 0
2024-02-04 10:10:08,315 - INFO: --------------------------------------------------
2024-02-04 10:10:08,315 - INFO: Successfully processed inaugural
2024-02-04 10:10:08,763 - WARNING: Attempted to calculate EMD on empty distribution.
2024-02-04 10:10:08,764 - WARNING: Attempted to calculate EMD on empty distribution.
2024-02-04 10:10:08,764 - WARNING: Attempted to calculate EMD on empty distribution.
2024-02-04 10:10:09,047 - INFO: 
--------------------------------------------------
reuters Corpus Analysis
--------------------------------------------------
2024-02-04 10:10:09,047 - INFO: 
Similarity Metrics:
2024-02-04 10:10:09,047 - INFO:    EMD:
2024-02-04 10:10:09,047 - INFO:       Train-Prediction: N/A
2024-02-04 10:10:09,048 - INFO:       Train-Test: N/A
2024-02-04 10:10:09,048 - INFO:       Train-Incorrect Prediction: N/A
2024-02-04 10:10:09,048 - INFO:    Frequency Similarity:
2024-02-04 10:10:09,048 - INFO:       Train-Prediction: 0.5000
2024-02-04 10:10:09,048 - INFO:       Train-Test: 1.0000
2024-02-04 10:10:09,048 - INFO:       Train-Incorrect Prediction: 0.5000
2024-02-04 10:10:09,049 - INFO:    Jaccard Similarity:
2024-02-04 10:10:09,049 - INFO:       Train-Prediction: 0.0000
2024-02-04 10:10:09,049 - INFO:       Train-Test: nan
2024-02-04 10:10:09,049 - INFO:       Train-Incorrect Prediction: 0.0000
2024-02-04 10:10:09,049 - INFO:    Cosine Similarity:
2024-02-04 10:10:09,049 - INFO:       Train-Prediction: 1
2024-02-04 10:10:09,050 - INFO:       Train-Test: 1
2024-02-04 10:10:09,050 - INFO:       Train-Incorrect Prediction: 1
2024-02-04 10:10:09,050 - INFO: 
Statistical Metrics:
2024-02-04 10:10:09,050 - INFO:    KL Divergence:
2024-02-04 10:10:09,050 - INFO:       Train-Prediction: 0.8649
2024-02-04 10:10:09,050 - INFO:       Train-Test: 0.0000
2024-02-04 10:10:09,051 - INFO:       Train-Incorrect Prediction: 0.6685
2024-02-04 10:10:09,051 - INFO: 
Overlap Metrics:
2024-02-04 10:10:09,051 - INFO:    Overlap Coefficient:
2024-02-04 10:10:09,051 - INFO:       Train-Prediction: 0
2024-02-04 10:10:09,051 - INFO:       Train-Test: 0
2024-02-04 10:10:09,051 - INFO:       Train-Incorrect Prediction: 0
2024-02-04 10:10:09,052 - INFO:    Dice Coefficient:
2024-02-04 10:10:09,052 - INFO:       Train-Prediction: 0.0000
2024-02-04 10:10:09,052 - INFO:       Train-Test: 0
2024-02-04 10:10:09,052 - INFO:       Train-Incorrect Prediction: 0.0000
2024-02-04 10:10:09,052 - INFO:    Intersection Count:
2024-02-04 10:10:09,052 - INFO:       Train-Prediction: 0
2024-02-04 10:10:09,052 - INFO:       Train-Test: 0
2024-02-04 10:10:09,053 - INFO:       Train-Incorrect Prediction: 0
2024-02-04 10:10:09,053 - INFO: --------------------------------------------------
2024-02-04 10:10:09,053 - INFO: Successfully processed reuters
2024-02-04 10:42:06,803 - ERROR: Error processing brown: The truth value of an array with more than one element is ambiguous. Use a.any() or a.all()
2024-02-04 10:42:07,542 - ERROR: Error processing CLMET3: The truth value of an array with more than one element is ambiguous. Use a.any() or a.all()
2024-02-04 10:42:08,088 - ERROR: Error processing cmudict: The truth value of an array with more than one element is ambiguous. Use a.any() or a.all()
2024-02-04 10:42:08,307 - ERROR: Error processing gutenberg: The truth value of an array with more than one element is ambiguous. Use a.any() or a.all()
2024-02-04 10:42:08,378 - ERROR: Error processing inaugural: The truth value of an array with more than one element is ambiguous. Use a.any() or a.all()
2024-02-04 10:42:08,538 - ERROR: Error processing reuters: The truth value of an array with more than one element is ambiguous. Use a.any() or a.all()
2024-02-04 10:42:30,956 - ERROR: Error processing brown: The truth value of an array with more than one element is ambiguous. Use a.any() or a.all()
2024-02-04 10:42:31,721 - ERROR: Error processing CLMET3: The truth value of an array with more than one element is ambiguous. Use a.any() or a.all()
2024-02-04 10:42:32,306 - ERROR: Error processing cmudict: The truth value of an array with more than one element is ambiguous. Use a.any() or a.all()
2024-02-04 10:42:32,534 - ERROR: Error processing gutenberg: The truth value of an array with more than one element is ambiguous. Use a.any() or a.all()
2024-02-04 10:42:32,591 - ERROR: Error processing inaugural: The truth value of an array with more than one element is ambiguous. Use a.any() or a.all()
2024-02-04 10:42:32,752 - ERROR: Error processing reuters: The truth value of an array with more than one element is ambiguous. Use a.any() or a.all()
2024-02-27 10:15:29,101 - ERROR: Failed to read from /home/tc/qgram/data/outputs/qgrams/brown_train_qgrams.txt: [Errno 2] No such file or directory: '/home/tc/qgram/data/outputs/qgrams/brown_train_qgrams.txt'
2024-02-27 10:15:29,103 - ERROR: Failed to read from /home/tc/qgram/data/outputs/qgrams/brown_test_qgrams.txt: [Errno 2] No such file or directory: '/home/tc/qgram/data/outputs/qgrams/brown_test_qgrams.txt'
2024-02-27 10:15:29,104 - ERROR: Failed to read from /home/tc/qgram/data/outputs/qgrams/brown_correct_predictions_qgrams.txt: [Errno 2] No such file or directory: '/home/tc/qgram/data/outputs/qgrams/brown_correct_predictions_qgrams.txt'
2024-02-27 10:15:29,104 - ERROR: Failed to read from /home/tc/qgram/data/outputs/qgrams/brown_incorrect_pred_qgrams.txt: [Errno 2] No such file or directory: '/home/tc/qgram/data/outputs/qgrams/brown_incorrect_pred_qgrams.txt'
2024-02-27 10:15:29,107 - WARNING: Attempted to calculate EMD on empty distribution.
2024-02-27 10:15:29,110 - WARNING: Attempted to calculate EMD on empty distribution.
2024-02-27 10:15:29,111 - WARNING: Attempted to calculate EMD on empty distribution.
2024-02-27 10:15:29,111 - ERROR: Error processing brown: 'numpy.ndarray' object has no attribute 'keys'
2024-02-27 10:15:29,111 - ERROR: Failed to read from /home/tc/qgram/data/outputs/qgrams/CLMET3_train_qgrams.txt: [Errno 2] No such file or directory: '/home/tc/qgram/data/outputs/qgrams/CLMET3_train_qgrams.txt'
2024-02-27 10:15:29,111 - ERROR: Failed to read from /home/tc/qgram/data/outputs/qgrams/CLMET3_test_qgrams.txt: [Errno 2] No such file or directory: '/home/tc/qgram/data/outputs/qgrams/CLMET3_test_qgrams.txt'
2024-02-27 10:15:29,111 - ERROR: Failed to read from /home/tc/qgram/data/outputs/qgrams/CLMET3_correct_predictions_qgrams.txt: [Errno 2] No such file or directory: '/home/tc/qgram/data/outputs/qgrams/CLMET3_correct_predictions_qgrams.txt'
2024-02-27 10:15:29,111 - ERROR: Failed to read from /home/tc/qgram/data/outputs/qgrams/CLMET3_incorrect_pred_qgrams.txt: [Errno 2] No such file or directory: '/home/tc/qgram/data/outputs/qgrams/CLMET3_incorrect_pred_qgrams.txt'
2024-02-27 10:15:29,112 - WARNING: Attempted to calculate EMD on empty distribution.
2024-02-27 10:15:29,112 - WARNING: Attempted to calculate EMD on empty distribution.
2024-02-27 10:15:29,112 - WARNING: Attempted to calculate EMD on empty distribution.
2024-02-27 10:15:29,112 - ERROR: Error processing CLMET3: 'numpy.ndarray' object has no attribute 'keys'
2024-02-27 10:15:29,112 - ERROR: Failed to read from /home/tc/qgram/data/outputs/qgrams/cmudict_train_qgrams.txt: [Errno 2] No such file or directory: '/home/tc/qgram/data/outputs/qgrams/cmudict_train_qgrams.txt'
2024-02-27 10:15:29,112 - ERROR: Failed to read from /home/tc/qgram/data/outputs/qgrams/cmudict_test_qgrams.txt: [Errno 2] No such file or directory: '/home/tc/qgram/data/outputs/qgrams/cmudict_test_qgrams.txt'
2024-02-27 10:15:29,112 - ERROR: Failed to read from /home/tc/qgram/data/outputs/qgrams/cmudict_correct_predictions_qgrams.txt: [Errno 2] No such file or directory: '/home/tc/qgram/data/outputs/qgrams/cmudict_correct_predictions_qgrams.txt'
2024-02-27 10:15:29,113 - ERROR: Failed to read from /home/tc/qgram/data/outputs/qgrams/cmudict_incorrect_pred_qgrams.txt: [Errno 2] No such file or directory: '/home/tc/qgram/data/outputs/qgrams/cmudict_incorrect_pred_qgrams.txt'
2024-02-27 10:15:29,113 - WARNING: Attempted to calculate EMD on empty distribution.
2024-02-27 10:15:29,113 - WARNING: Attempted to calculate EMD on empty distribution.
2024-02-27 10:15:29,113 - WARNING: Attempted to calculate EMD on empty distribution.
2024-02-27 10:15:29,113 - ERROR: Error processing cmudict: 'numpy.ndarray' object has no attribute 'keys'
2024-02-27 10:15:29,113 - ERROR: Failed to read from /home/tc/qgram/data/outputs/qgrams/gutenberg_train_qgrams.txt: [Errno 2] No such file or directory: '/home/tc/qgram/data/outputs/qgrams/gutenberg_train_qgrams.txt'
2024-02-27 10:15:29,113 - ERROR: Failed to read from /home/tc/qgram/data/outputs/qgrams/gutenberg_test_qgrams.txt: [Errno 2] No such file or directory: '/home/tc/qgram/data/outputs/qgrams/gutenberg_test_qgrams.txt'
2024-02-27 10:15:29,113 - ERROR: Failed to read from /home/tc/qgram/data/outputs/qgrams/gutenberg_correct_predictions_qgrams.txt: [Errno 2] No such file or directory: '/home/tc/qgram/data/outputs/qgrams/gutenberg_correct_predictions_qgrams.txt'
2024-02-27 10:15:29,114 - ERROR: Failed to read from /home/tc/qgram/data/outputs/qgrams/gutenberg_incorrect_pred_qgrams.txt: [Errno 2] No such file or directory: '/home/tc/qgram/data/outputs/qgrams/gutenberg_incorrect_pred_qgrams.txt'
2024-02-27 10:15:29,114 - WARNING: Attempted to calculate EMD on empty distribution.
2024-02-27 10:15:29,114 - WARNING: Attempted to calculate EMD on empty distribution.
2024-02-27 10:15:29,114 - WARNING: Attempted to calculate EMD on empty distribution.
2024-02-27 10:15:29,114 - ERROR: Error processing gutenberg: 'numpy.ndarray' object has no attribute 'keys'
2024-02-27 10:15:29,114 - ERROR: Failed to read from /home/tc/qgram/data/outputs/qgrams/inaugural_train_qgrams.txt: [Errno 2] No such file or directory: '/home/tc/qgram/data/outputs/qgrams/inaugural_train_qgrams.txt'
2024-02-27 10:15:29,114 - ERROR: Failed to read from /home/tc/qgram/data/outputs/qgrams/inaugural_test_qgrams.txt: [Errno 2] No such file or directory: '/home/tc/qgram/data/outputs/qgrams/inaugural_test_qgrams.txt'
2024-02-27 10:15:29,114 - ERROR: Failed to read from /home/tc/qgram/data/outputs/qgrams/inaugural_correct_predictions_qgrams.txt: [Errno 2] No such file or directory: '/home/tc/qgram/data/outputs/qgrams/inaugural_correct_predictions_qgrams.txt'
2024-02-27 10:15:29,115 - ERROR: Failed to read from /home/tc/qgram/data/outputs/qgrams/inaugural_incorrect_pred_qgrams.txt: [Errno 2] No such file or directory: '/home/tc/qgram/data/outputs/qgrams/inaugural_incorrect_pred_qgrams.txt'
2024-02-27 10:15:29,115 - WARNING: Attempted to calculate EMD on empty distribution.
2024-02-27 10:15:29,115 - WARNING: Attempted to calculate EMD on empty distribution.
2024-02-27 10:15:29,115 - WARNING: Attempted to calculate EMD on empty distribution.
2024-02-27 10:15:29,115 - ERROR: Error processing inaugural: 'numpy.ndarray' object has no attribute 'keys'
2024-02-27 10:15:29,115 - ERROR: Failed to read from /home/tc/qgram/data/outputs/qgrams/reuters_train_qgrams.txt: [Errno 2] No such file or directory: '/home/tc/qgram/data/outputs/qgrams/reuters_train_qgrams.txt'
2024-02-27 10:15:29,115 - ERROR: Failed to read from /home/tc/qgram/data/outputs/qgrams/reuters_test_qgrams.txt: [Errno 2] No such file or directory: '/home/tc/qgram/data/outputs/qgrams/reuters_test_qgrams.txt'
2024-02-27 10:15:29,115 - ERROR: Failed to read from /home/tc/qgram/data/outputs/qgrams/reuters_correct_predictions_qgrams.txt: [Errno 2] No such file or directory: '/home/tc/qgram/data/outputs/qgrams/reuters_correct_predictions_qgrams.txt'
2024-02-27 10:15:29,116 - ERROR: Failed to read from /home/tc/qgram/data/outputs/qgrams/reuters_incorrect_pred_qgrams.txt: [Errno 2] No such file or directory: '/home/tc/qgram/data/outputs/qgrams/reuters_incorrect_pred_qgrams.txt'
2024-02-27 10:15:29,116 - WARNING: Attempted to calculate EMD on empty distribution.
2024-02-27 10:15:29,116 - WARNING: Attempted to calculate EMD on empty distribution.
2024-02-27 10:15:29,116 - WARNING: Attempted to calculate EMD on empty distribution.
2024-02-27 10:15:29,116 - ERROR: Error processing reuters: 'numpy.ndarray' object has no attribute 'keys'
2024-02-27 10:21:28,652 - ERROR: Failed to read from /home/tc/qgram/data/outputs/qgrams/brown_train_qgrams.txt: [Errno 2] No such file or directory: '/home/tc/qgram/data/outputs/qgrams/brown_train_qgrams.txt'
2024-02-27 10:21:28,653 - ERROR: Failed to read from /home/tc/qgram/data/outputs/qgrams/brown_test_qgrams.txt: [Errno 2] No such file or directory: '/home/tc/qgram/data/outputs/qgrams/brown_test_qgrams.txt'
2024-02-27 10:21:28,653 - ERROR: Failed to read from /home/tc/qgram/data/outputs/qgrams/brown_correct_predictions_qgrams.txt: [Errno 2] No such file or directory: '/home/tc/qgram/data/outputs/qgrams/brown_correct_predictions_qgrams.txt'
2024-02-27 10:21:28,654 - ERROR: Failed to read from /home/tc/qgram/data/outputs/qgrams/brown_incorrect_pred_qgrams.txt: [Errno 2] No such file or directory: '/home/tc/qgram/data/outputs/qgrams/brown_incorrect_pred_qgrams.txt'
2024-02-27 10:21:28,655 - WARNING: Attempted to calculate EMD on empty distribution.
2024-02-27 10:21:28,655 - WARNING: Attempted to calculate EMD on empty distribution.
2024-02-27 10:21:28,656 - WARNING: Attempted to calculate EMD on empty distribution.
2024-02-27 10:21:28,656 - ERROR: Error processing brown: 'numpy.ndarray' object has no attribute 'keys'
2024-02-27 10:21:28,656 - ERROR: Failed to read from /home/tc/qgram/data/outputs/qgrams/CLMET3_train_qgrams.txt: [Errno 2] No such file or directory: '/home/tc/qgram/data/outputs/qgrams/CLMET3_train_qgrams.txt'
2024-02-27 10:21:28,657 - ERROR: Failed to read from /home/tc/qgram/data/outputs/qgrams/CLMET3_test_qgrams.txt: [Errno 2] No such file or directory: '/home/tc/qgram/data/outputs/qgrams/CLMET3_test_qgrams.txt'
2024-02-27 10:21:28,657 - ERROR: Failed to read from /home/tc/qgram/data/outputs/qgrams/CLMET3_correct_predictions_qgrams.txt: [Errno 2] No such file or directory: '/home/tc/qgram/data/outputs/qgrams/CLMET3_correct_predictions_qgrams.txt'
2024-02-27 10:21:28,658 - ERROR: Failed to read from /home/tc/qgram/data/outputs/qgrams/CLMET3_incorrect_pred_qgrams.txt: [Errno 2] No such file or directory: '/home/tc/qgram/data/outputs/qgrams/CLMET3_incorrect_pred_qgrams.txt'
2024-02-27 10:21:28,658 - WARNING: Attempted to calculate EMD on empty distribution.
2024-02-27 10:21:28,659 - WARNING: Attempted to calculate EMD on empty distribution.
2024-02-27 10:21:28,661 - WARNING: Attempted to calculate EMD on empty distribution.
2024-02-27 10:21:28,662 - ERROR: Error processing CLMET3: 'numpy.ndarray' object has no attribute 'keys'
2024-02-27 10:21:28,662 - ERROR: Failed to read from /home/tc/qgram/data/outputs/qgrams/cmudict_train_qgrams.txt: [Errno 2] No such file or directory: '/home/tc/qgram/data/outputs/qgrams/cmudict_train_qgrams.txt'
2024-02-27 10:21:28,662 - ERROR: Failed to read from /home/tc/qgram/data/outputs/qgrams/cmudict_test_qgrams.txt: [Errno 2] No such file or directory: '/home/tc/qgram/data/outputs/qgrams/cmudict_test_qgrams.txt'
2024-02-27 10:21:28,666 - ERROR: Failed to read from /home/tc/qgram/data/outputs/qgrams/cmudict_correct_predictions_qgrams.txt: [Errno 2] No such file or directory: '/home/tc/qgram/data/outputs/qgrams/cmudict_correct_predictions_qgrams.txt'
2024-02-27 10:21:28,666 - ERROR: Failed to read from /home/tc/qgram/data/outputs/qgrams/cmudict_incorrect_pred_qgrams.txt: [Errno 2] No such file or directory: '/home/tc/qgram/data/outputs/qgrams/cmudict_incorrect_pred_qgrams.txt'
2024-02-27 10:21:28,667 - WARNING: Attempted to calculate EMD on empty distribution.
2024-02-27 10:21:28,667 - WARNING: Attempted to calculate EMD on empty distribution.
2024-02-27 10:21:28,667 - WARNING: Attempted to calculate EMD on empty distribution.
2024-02-27 10:21:28,667 - ERROR: Error processing cmudict: 'numpy.ndarray' object has no attribute 'keys'
2024-02-27 10:21:28,667 - ERROR: Failed to read from /home/tc/qgram/data/outputs/qgrams/gutenberg_train_qgrams.txt: [Errno 2] No such file or directory: '/home/tc/qgram/data/outputs/qgrams/gutenberg_train_qgrams.txt'
2024-02-27 10:21:28,667 - ERROR: Failed to read from /home/tc/qgram/data/outputs/qgrams/gutenberg_test_qgrams.txt: [Errno 2] No such file or directory: '/home/tc/qgram/data/outputs/qgrams/gutenberg_test_qgrams.txt'
2024-02-27 10:21:28,667 - ERROR: Failed to read from /home/tc/qgram/data/outputs/qgrams/gutenberg_correct_predictions_qgrams.txt: [Errno 2] No such file or directory: '/home/tc/qgram/data/outputs/qgrams/gutenberg_correct_predictions_qgrams.txt'
2024-02-27 10:21:28,668 - ERROR: Failed to read from /home/tc/qgram/data/outputs/qgrams/gutenberg_incorrect_pred_qgrams.txt: [Errno 2] No such file or directory: '/home/tc/qgram/data/outputs/qgrams/gutenberg_incorrect_pred_qgrams.txt'
2024-02-27 10:21:28,668 - WARNING: Attempted to calculate EMD on empty distribution.
2024-02-27 10:21:28,668 - WARNING: Attempted to calculate EMD on empty distribution.
2024-02-27 10:21:28,668 - WARNING: Attempted to calculate EMD on empty distribution.
2024-02-27 10:21:28,668 - ERROR: Error processing gutenberg: 'numpy.ndarray' object has no attribute 'keys'
2024-02-27 10:21:28,668 - ERROR: Failed to read from /home/tc/qgram/data/outputs/qgrams/inaugural_train_qgrams.txt: [Errno 2] No such file or directory: '/home/tc/qgram/data/outputs/qgrams/inaugural_train_qgrams.txt'
2024-02-27 10:21:28,668 - ERROR: Failed to read from /home/tc/qgram/data/outputs/qgrams/inaugural_test_qgrams.txt: [Errno 2] No such file or directory: '/home/tc/qgram/data/outputs/qgrams/inaugural_test_qgrams.txt'
2024-02-27 10:21:28,668 - ERROR: Failed to read from /home/tc/qgram/data/outputs/qgrams/inaugural_correct_predictions_qgrams.txt: [Errno 2] No such file or directory: '/home/tc/qgram/data/outputs/qgrams/inaugural_correct_predictions_qgrams.txt'
2024-02-27 10:21:28,669 - ERROR: Failed to read from /home/tc/qgram/data/outputs/qgrams/inaugural_incorrect_pred_qgrams.txt: [Errno 2] No such file or directory: '/home/tc/qgram/data/outputs/qgrams/inaugural_incorrect_pred_qgrams.txt'
2024-02-27 10:21:28,669 - WARNING: Attempted to calculate EMD on empty distribution.
2024-02-27 10:21:28,669 - WARNING: Attempted to calculate EMD on empty distribution.
2024-02-27 10:21:28,669 - WARNING: Attempted to calculate EMD on empty distribution.
2024-02-27 10:21:28,669 - ERROR: Error processing inaugural: 'numpy.ndarray' object has no attribute 'keys'
2024-02-27 10:21:28,669 - ERROR: Failed to read from /home/tc/qgram/data/outputs/qgrams/reuters_train_qgrams.txt: [Errno 2] No such file or directory: '/home/tc/qgram/data/outputs/qgrams/reuters_train_qgrams.txt'
2024-02-27 10:21:28,669 - ERROR: Failed to read from /home/tc/qgram/data/outputs/qgrams/reuters_test_qgrams.txt: [Errno 2] No such file or directory: '/home/tc/qgram/data/outputs/qgrams/reuters_test_qgrams.txt'
2024-02-27 10:21:28,669 - ERROR: Failed to read from /home/tc/qgram/data/outputs/qgrams/reuters_correct_predictions_qgrams.txt: [Errno 2] No such file or directory: '/home/tc/qgram/data/outputs/qgrams/reuters_correct_predictions_qgrams.txt'
2024-02-27 10:21:28,669 - ERROR: Failed to read from /home/tc/qgram/data/outputs/qgrams/reuters_incorrect_pred_qgrams.txt: [Errno 2] No such file or directory: '/home/tc/qgram/data/outputs/qgrams/reuters_incorrect_pred_qgrams.txt'
2024-02-27 10:21:28,670 - WARNING: Attempted to calculate EMD on empty distribution.
2024-02-27 10:21:28,670 - WARNING: Attempted to calculate EMD on empty distribution.
2024-02-27 10:21:28,670 - WARNING: Attempted to calculate EMD on empty distribution.
2024-02-27 10:21:28,670 - ERROR: Error processing reuters: 'numpy.ndarray' object has no attribute 'keys'
2024-02-27 10:29:21,959 - INFO: Q-gram file for brown, train does not exist. Generating now...
2024-02-27 10:29:22,051 - ERROR: Error processing brown: 'set' object is not subscriptable
2024-02-27 10:29:22,058 - INFO: Q-gram file for CLMET3, train does not exist. Generating now...
2024-02-27 10:29:22,316 - ERROR: Error processing CLMET3: 'set' object is not subscriptable
2024-02-27 10:29:22,329 - INFO: Q-gram file for cmudict, train does not exist. Generating now...
2024-02-27 10:29:22,493 - ERROR: Error processing cmudict: 'set' object is not subscriptable
2024-02-27 10:29:22,504 - INFO: Q-gram file for gutenberg, train does not exist. Generating now...
2024-02-27 10:29:22,587 - ERROR: Error processing gutenberg: 'set' object is not subscriptable
2024-02-27 10:29:22,591 - INFO: Q-gram file for inaugural, train does not exist. Generating now...
2024-02-27 10:29:22,623 - ERROR: Error processing inaugural: 'set' object is not subscriptable
2024-02-27 10:29:22,623 - INFO: Q-gram file for reuters, train does not exist. Generating now...
2024-02-27 10:29:22,671 - ERROR: Error processing reuters: 'set' object is not subscriptable
